#
# A fatal error has been detected by the Java Runtime Environment:
#
#  SIGSEGV (0xb) at pc=0x00007ff80c094f40, pid=9439, tid=140703868131072
#
# JRE version: OpenJDK Runtime Environment (8.0_66-b17) (build 1.8.0_66-internal-b17)
# Java VM: OpenJDK 64-Bit Server VM (25.66-b17 mixed mode linux-amd64 compressed oops)
# Problematic frame:
# C  0x00007ff80c094f40
#
# Failed to write core dump. Core dumps have been disabled. To enable core dumping, try "ulimit -c unlimited" before starting Java again
#
# If you would like to submit a bug report, please visit:
#   http://bugreport.java.com/bugreport/crash.jsp
# The crash happened outside the Java Virtual Machine in native code.
# See problematic frame for where to report the bug.
#

---------------  T H R E A D  ---------------

Current thread (0x00007ff884353800):  JavaThread "AWT-EventQueue-1" [_thread_in_native, id=9463, stack(0x00007ff82c041000,0x00007ff82c142000)]

siginfo: si_signo: 11 (SIGSEGV), si_code: 2 (SEGV_ACCERR), si_addr: 0x00007ff80c094f40

Registers:
RAX=0x00007ff80c214d80, RBX=0x00007ff80c094f50, RCX=0x000000000000000e, RDX=0x00007ff82c13eb68
RSP=0x00007ff82c13eb18, RBP=0x00007ff82c13ec40, RSI=0x00007ff80c2c9cf0, RDI=0x00007ff80c094f50
R8 =0x00007ff80c2c9d00, R9 =0x00007ff867895e53, R10=0x00007ff82c13eb30, R11=0x00007ff88d4fb914
R12=0x00007ff8843539e0, R13=0x0000000001c00284, R14=0x00007ff80c017d60, R15=0x0000000000000001
RIP=0x00007ff80c094f40, EFLAGS=0x0000000000010202, CSGSFS=0x0000000000000033, ERR=0x0000000000000015
  TRAPNO=0x000000000000000e

Top of Stack: (sp=0x00007ff82c13eb18)
0x00007ff82c13eb18:   00007ff86782f94c 000000018d438780
0x00007ff82c13eb28:   00007ff80c2c9cf0 0000003000000020
0x00007ff82c13eb38:   00007ff82c13ec10 00007ff82c13eb50
0x00007ff82c13eb48:   eec16b3f942aa400 0000000000000001
0x00007ff82c13eb58:   00007ff86c0a0609 0000000001c00284
0x00007ff82c13eb68:   0000000000000000 00007ff8896a4318
0x00007ff82c13eb78:   0000000085ae8e10 00000000859e51d8
0x00007ff82c13eb88:   00007ff88cc6aed0 0000000000000000
0x00007ff82c13eb98:   0000000085ae8e10 00000000858876b0
0x00007ff82c13eba8:   00007ff8843539e0 00007ff884353800
0x00007ff82c13ebb8:   0000000001c00284 00007ff80c017d60
0x00007ff82c13ebc8:   00007ff82c13f510 00007ff82c13ec00
0x00007ff82c13ebd8:   00007ff86c08d1e4 0000000000000001
0x00007ff82c13ebe8:   00007ff8843539e0 0000000001c00284
0x00007ff82c13ebf8:   00007ff82c13ec50 0000000000000001
0x00007ff82c13ec08:   00007ff86c08f261 0000000000000000
0x00007ff82c13ec18:   00007ff813d3d428 0000000000000000
0x00007ff82c13ec28:   0000000085972b98 00000000dab4acb8
0x00007ff82c13ec38:   00007ff884353800 00007ff82c13ec90
0x00007ff82c13ec48:   00007ff875e27eee 0000000085ae8e10
0x00007ff82c13ec58:   0000000085667eb8 00007ff884353800
0x00007ff82c13ec68:   00007ff8842b2ef0 00007ff82c13eca0
0x00007ff82c13ec78:   00007ff885972b98 0000000085972c18
0x00007ff82c13ec88:   0000000000000000 000000008566a2a8
0x00007ff82c13ec98:   00007ff875e317e4 00007ff82c13ecf0
0x00007ff82c13eca8:   00007ff87534273c 0000000085667eb8
0x00007ff82c13ecb8:   00007ff875d011a8 0000000085ae8e10
0x00007ff82c13ecc8:   0000000000000001 0000000085af42b0
0x00007ff82c13ecd8:   0000000085ae8e10 0000000100000001
0x00007ff82c13ece8:   0000000001c00284 0000000085ae8e10
0x00007ff82c13ecf8:   00007ff87540b588 000000008566a2a8
0x00007ff82c13ed08:   00007ff8757e3354 00000000859afe58 

Instructions: (pc=0x00007ff80c094f40)
0x00007ff80c094f20:   3c 00 00 00 00 00 00 00 6b 00 00 00 00 00 00 00
0x00007ff80c094f30:   39 00 00 00 00 00 00 00 07 00 00 00 00 00 00 00
0x00007ff80c094f40:   c0 4e 09 0c f8 7f 00 00 71 02 00 00 00 00 00 00
0x00007ff80c094f50:   80 4d 21 0c f8 7f 00 00 00 44 ad 0c f8 7f 00 00 

Register to memory mapping:

RAX=0x00007ff80c214d80 is an unknown value
RBX=0x00007ff80c094f50 is an unknown value
RCX=0x000000000000000e is an unknown value
RDX=0x00007ff82c13eb68 is pointing into the stack for thread: 0x00007ff884353800
RSP=0x00007ff82c13eb18 is pointing into the stack for thread: 0x00007ff884353800
RBP=0x00007ff82c13ec40 is pointing into the stack for thread: 0x00007ff884353800
RSI=0x00007ff80c2c9cf0 is an unknown value
RDI=0x00007ff80c094f50 is an unknown value
R8 =0x00007ff80c2c9d00 is an unknown value
R9 =0x00007ff867895e53: <offset 0xb0e53> in /usr/lib/x86_64-linux-gnu/libX11.so.6 at 0x00007ff8677e5000
R10=0x00007ff82c13eb30 is pointing into the stack for thread: 0x00007ff884353800
R11=0x00007ff88d4fb914: <offset 0xf13914> in /usr/lib/jvm/java-8-openjdk-amd64/jre/lib/amd64/server/libjvm.so at 0x00007ff88c5e8000
R12=0x00007ff8843539e0 is an unknown value
R13=0x0000000001c00284 is an unknown value
R14=0x00007ff80c017d60 is an unknown value
R15=0x0000000000000001 is an unknown value


Stack: [0x00007ff82c041000,0x00007ff82c142000],  sp=0x00007ff82c13eb18,  free space=1014k
Native frames: (J=compiled Java code, j=interpreted, Vv=VM code, C=native code)
C  0x00007ff80c094f40
J 6041  sun.awt.X11.XInputMethod.setXICFocusNative(JZZ)V (0 bytes) @ 0x00007ff875e27eee [0x00007ff875e27e40+0xae]
J 6040 C1 sun.awt.X11.XInputMethod.setXICFocus(Ljava/awt/peer/ComponentPeer;ZZ)V (29 bytes) @ 0x00007ff875e317e4 [0x00007ff875e313c0+0x424]
J 4101 C1 sun.awt.X11InputMethod.activate()V (191 bytes) @ 0x00007ff8757e3354 [0x00007ff8757e22a0+0x10b4]
J 4100 C1 sun.awt.im.InputContext.activateInputMethod(Z)V (290 bytes) @ 0x00007ff87584246c [0x00007ff8758411a0+0x12cc]
J 4173 C1 sun.awt.im.InputContext.focusGained(Ljava/awt/Component;)V (234 bytes) @ 0x00007ff875347014 [0x00007ff875345be0+0x1434]
J 3931 C2 sun.awt.im.InputMethodContext.dispatchEvent(Ljava/awt/AWTEvent;)V (62 bytes) @ 0x00007ff875a05b68 [0x00007ff875a05820+0x348]
J 4417 C2 java.awt.Component.dispatchEventImpl(Ljava/awt/AWTEvent;)V (883 bytes) @ 0x00007ff875c98e6c [0x00007ff875c986c0+0x7ac]
J 6013 C2 java.awt.Container.dispatchEventImpl(Ljava/awt/AWTEvent;)V (129 bytes) @ 0x00007ff875e2b15c [0x00007ff875e2aac0+0x69c]
J 6530 C1 java.awt.DefaultKeyboardFocusManager.typeAheadAssertions(Ljava/awt/Component;Ljava/awt/AWTEvent;)Z (352 bytes) @ 0x00007ff875e4a8cc [0x00007ff875e48aa0+0x1e2c]
J 6146 C2 java.awt.DefaultKeyboardFocusManager.dispatchEvent(Ljava/awt/AWTEvent;)Z (1589 bytes) @ 0x00007ff875f47ef0 [0x00007ff875f45f20+0x1fd0]
J 4417 C2 java.awt.Component.dispatchEventImpl(Ljava/awt/AWTEvent;)V (883 bytes) @ 0x00007ff875c98928 [0x00007ff875c986c0+0x268]
J 6013 C2 java.awt.Container.dispatchEventImpl(Ljava/awt/AWTEvent;)V (129 bytes) @ 0x00007ff875e2b15c [0x00007ff875e2aac0+0x69c]
J 3000 C2 java.awt.EventQueue.dispatchEventImpl(Ljava/awt/AWTEvent;Ljava/lang/Object;)V (149 bytes) @ 0x00007ff8755ebfe4 [0x00007ff8755ebca0+0x344]
J 3135 C2 java.awt.EventQueue$3.run()Ljava/lang/Object; (5 bytes) @ 0x00007ff8754bf5a0 [0x00007ff8754bf540+0x60]
v  ~StubRoutines::call_stub
V  [libjvm.so+0x65ea1b]
V  [libjvm.so+0x6af7c9]  JVM_DoPrivileged+0x429
J 897  java.security.AccessController.doPrivileged(Ljava/security/PrivilegedAction;Ljava/security/AccessControlContext;)Ljava/lang/Object; (0 bytes) @ 0x00007ff87533dfd5 [0x00007ff87533df00+0xd5]
J 3178 C2 java.awt.EventQueue$4.run()Ljava/lang/Object; (5 bytes) @ 0x00007ff8752a558c [0x00007ff8752a5400+0x18c]
v  ~StubRoutines::call_stub
V  [libjvm.so+0x65ea1b]
V  [libjvm.so+0x6af7c9]  JVM_DoPrivileged+0x429
J 897  java.security.AccessController.doPrivileged(Ljava/security/PrivilegedAction;Ljava/security/AccessControlContext;)Ljava/lang/Object; (0 bytes) @ 0x00007ff87533dfd5 [0x00007ff87533df00+0xd5]
J 4755 C2 java.awt.EventDispatchThread.pumpOneEventForFilters(I)V (295 bytes) @ 0x00007ff875cf8354 [0x00007ff875cf7c20+0x734]
J 4689% C2 java.awt.EventDispatchThread.pumpEventsForFilter(ILjava/awt/Conditional;Ljava/awt/EventFilter;)V (47 bytes) @ 0x00007ff87589bc34 [0x00007ff87589bb20+0x114]
j  java.awt.EventDispatchThread.pumpEventsForHierarchy(ILjava/awt/Conditional;Ljava/awt/Component;)V+11
j  java.awt.EventDispatchThread.pumpEvents(ILjava/awt/Conditional;)V+4
j  java.awt.EventDispatchThread.pumpEvents(Ljava/awt/Conditional;)V+3
j  java.awt.EventDispatchThread.run()V+9
v  ~StubRoutines::call_stub
V  [libjvm.so+0x65ea1b]
V  [libjvm.so+0x65bfe4]
V  [libjvm.so+0x65c5c7]
V  [libjvm.so+0x69f844]
V  [libjvm.so+0xa016a3]
V  [libjvm.so+0xa01b74]
V  [libjvm.so+0x8ab0d2]
C  [libpthread.so.0+0x76aa]  start_thread+0xca

Java frames: (J=compiled Java code, j=interpreted, Vv=VM code)
J 6041  sun.awt.X11.XInputMethod.setXICFocusNative(JZZ)V (0 bytes) @ 0x00007ff875e27e78 [0x00007ff875e27e40+0x38]
J 6040 C1 sun.awt.X11.XInputMethod.setXICFocus(Ljava/awt/peer/ComponentPeer;ZZ)V (29 bytes) @ 0x00007ff875e317e4 [0x00007ff875e313c0+0x424]
J 4101 C1 sun.awt.X11InputMethod.activate()V (191 bytes) @ 0x00007ff8757e3354 [0x00007ff8757e22a0+0x10b4]
J 4100 C1 sun.awt.im.InputContext.activateInputMethod(Z)V (290 bytes) @ 0x00007ff87584246c [0x00007ff8758411a0+0x12cc]
J 4173 C1 sun.awt.im.InputContext.focusGained(Ljava/awt/Component;)V (234 bytes) @ 0x00007ff875347014 [0x00007ff875345be0+0x1434]
J 3931 C2 sun.awt.im.InputMethodContext.dispatchEvent(Ljava/awt/AWTEvent;)V (62 bytes) @ 0x00007ff875a05b68 [0x00007ff875a05820+0x348]
J 4417 C2 java.awt.Component.dispatchEventImpl(Ljava/awt/AWTEvent;)V (883 bytes) @ 0x00007ff875c98e6c [0x00007ff875c986c0+0x7ac]
J 6013 C2 java.awt.Container.dispatchEventImpl(Ljava/awt/AWTEvent;)V (129 bytes) @ 0x00007ff875e2b15c [0x00007ff875e2aac0+0x69c]
J 6530 C1 java.awt.DefaultKeyboardFocusManager.typeAheadAssertions(Ljava/awt/Component;Ljava/awt/AWTEvent;)Z (352 bytes) @ 0x00007ff875e4a8cc [0x00007ff875e48aa0+0x1e2c]
J 6146 C2 java.awt.DefaultKeyboardFocusManager.dispatchEvent(Ljava/awt/AWTEvent;)Z (1589 bytes) @ 0x00007ff875f47ef0 [0x00007ff875f45f20+0x1fd0]
J 4417 C2 java.awt.Component.dispatchEventImpl(Ljava/awt/AWTEvent;)V (883 bytes) @ 0x00007ff875c98928 [0x00007ff875c986c0+0x268]
J 6013 C2 java.awt.Container.dispatchEventImpl(Ljava/awt/AWTEvent;)V (129 bytes) @ 0x00007ff875e2b15c [0x00007ff875e2aac0+0x69c]
J 3000 C2 java.awt.EventQueue.dispatchEventImpl(Ljava/awt/AWTEvent;Ljava/lang/Object;)V (149 bytes) @ 0x00007ff8755ebfe4 [0x00007ff8755ebca0+0x344]
J 3135 C2 java.awt.EventQueue$3.run()Ljava/lang/Object; (5 bytes) @ 0x00007ff8754bf5a0 [0x00007ff8754bf540+0x60]
v  ~StubRoutines::call_stub
J 897  java.security.AccessController.doPrivileged(Ljava/security/PrivilegedAction;Ljava/security/AccessControlContext;)Ljava/lang/Object; (0 bytes) @ 0x00007ff87533df63 [0x00007ff87533df00+0x63]
J 3178 C2 java.awt.EventQueue$4.run()Ljava/lang/Object; (5 bytes) @ 0x00007ff8752a558c [0x00007ff8752a5400+0x18c]
v  ~StubRoutines::call_stub
J 897  java.security.AccessController.doPrivileged(Ljava/security/PrivilegedAction;Ljava/security/AccessControlContext;)Ljava/lang/Object; (0 bytes) @ 0x00007ff87533df63 [0x00007ff87533df00+0x63]
J 4755 C2 java.awt.EventDispatchThread.pumpOneEventForFilters(I)V (295 bytes) @ 0x00007ff875cf8354 [0x00007ff875cf7c20+0x734]
J 4689% C2 java.awt.EventDispatchThread.pumpEventsForFilter(ILjava/awt/Conditional;Ljava/awt/EventFilter;)V (47 bytes) @ 0x00007ff87589bc34 [0x00007ff87589bb20+0x114]
j  java.awt.EventDispatchThread.pumpEventsForHierarchy(ILjava/awt/Conditional;Ljava/awt/Component;)V+11
j  java.awt.EventDispatchThread.pumpEvents(ILjava/awt/Conditional;)V+4
j  java.awt.EventDispatchThread.pumpEvents(Ljava/awt/Conditional;)V+3
j  java.awt.EventDispatchThread.run()V+9
v  ~StubRoutines::call_stub

---------------  P R O C E S S  ---------------

Java Threads: ( => current thread )
  0x00007ff8844b4000 JavaThread "DestroyJavaVM" [_thread_blocked, id=9440, stack(0x00007ff88e22a000,0x00007ff88e32b000)]
  0x00007ff8844b0800 JavaThread "SwingWorker-pool-1-thread-2" daemon [_thread_blocked, id=9469, stack(0x00007ff8133d3000,0x00007ff8134d4000)]
  0x00007ff8844af000 JavaThread "SwingWorker-pool-1-thread-1" daemon [_thread_blocked, id=9468, stack(0x00007ff8132d2000,0x00007ff8133d3000)]
  0x00007ff818002800 JavaThread "Thread-0" [_thread_in_native, id=9462, stack(0x00007ff82c142000,0x00007ff82c943000)]
=>0x00007ff884353800 JavaThread "AWT-EventQueue-1" [_thread_in_native, id=9463, stack(0x00007ff82c041000,0x00007ff82c142000)]
  0x00007ff884308000 JavaThread "TimerQueue" daemon [_thread_blocked, id=9460, stack(0x00007ff82ca44000,0x00007ff82cb45000)]
  0x00007ff8842f0800 JavaThread "AWT-EventQueue-0" [_thread_blocked, id=9459, stack(0x00007ff82cb45000,0x00007ff82cc46000)]
  0x00007ff8842ef000 JavaThread "AWT-Shutdown" [_thread_blocked, id=9458, stack(0x00007ff82cc46000,0x00007ff82cd47000)]
  0x00007ff8842b2000 JavaThread "AWT-XAWT" daemon [_thread_blocked, id=9455, stack(0x00007ff865e67000,0x00007ff865f68000)]
  0x00007ff884290800 JavaThread "Java2D Disposer" daemon [_thread_blocked, id=9454, stack(0x00007ff866378000,0x00007ff866479000)]
  0x00007ff8840be800 JavaThread "Service Thread" daemon [_thread_blocked, id=9452, stack(0x00007ff874115000,0x00007ff874216000)]
  0x00007ff8840b1000 JavaThread "C1 CompilerThread2" daemon [_thread_blocked, id=9451, stack(0x00007ff874216000,0x00007ff874317000)]
  0x00007ff8840af000 JavaThread "C2 CompilerThread1" daemon [_thread_blocked, id=9450, stack(0x00007ff874317000,0x00007ff874418000)]
  0x00007ff8840ac800 JavaThread "C2 CompilerThread0" daemon [_thread_blocked, id=9449, stack(0x00007ff874418000,0x00007ff874519000)]
  0x00007ff8840aa000 JavaThread "Signal Dispatcher" daemon [_thread_blocked, id=9448, stack(0x00007ff874519000,0x00007ff87461a000)]
  0x00007ff88407e800 JavaThread "Finalizer" daemon [_thread_blocked, id=9447, stack(0x00007ff874cfd000,0x00007ff874dfe000)]
  0x00007ff88407c800 JavaThread "Reference Handler" daemon [_thread_blocked, id=9446, stack(0x00007ff874dfe000,0x00007ff874eff000)]

Other Threads:
  0x00007ff884077800 VMThread [stack: 0x00007ff874eff000,0x00007ff875000000] [id=9445]
  0x00007ff8840c1000 WatcherThread [stack: 0x00007ff874014000,0x00007ff874115000] [id=9453]

VM state:not at safepoint (normal execution)

VM Mutex/Monitor currently owned by a thread: None

Heap:
 PSYoungGen      total 604160K, used 59486K [0x00000000d7200000, 0x00000000fc700000, 0x0000000100000000)
  eden space 597504K, 9% used [0x00000000d7200000,0x00000000dac17a08,0x00000000fb980000)
  from space 6656K, 0% used [0x00000000fc080000,0x00000000fc080000,0x00000000fc700000)
  to   space 6656K, 0% used [0x00000000fba00000,0x00000000fba00000,0x00000000fc080000)
 ParOldGen       total 84992K, used 16237K [0x0000000085600000, 0x000000008a900000, 0x00000000d7200000)
  object space 84992K, 19% used [0x0000000085600000,0x00000000865db4f8,0x000000008a900000)
 Metaspace       used 20491K, capacity 20856K, committed 20992K, reserved 1067008K
  class space    used 2400K, capacity 2544K, committed 2560K, reserved 1048576K

Card table byte_map: [0x00007ff88a524000,0x00007ff88a8fa000] byte_map_base: 0x00007ff88a0f9000

Marking Bits: (ParMarkBitMap*) 0x00007ff88d4fb000
 Begin Bits: [0x00007ff86c2b0000, 0x00007ff86e158000)
 End Bits:   [0x00007ff86e158000, 0x00007ff870000000)

Polling page: 0x00007ff88e34b000

CodeCache: size=245760Kb used=15534Kb max_used=15715Kb free=230225Kb
 bounds [0x00007ff875000000, 0x00007ff875f80000, 0x00007ff884000000]
 total_blobs=5246 nmethods=4630 adapters=527
 compilation: enabled

Compilation events (10 events):
Event: 34879,457 Thread 0x00007ff8840b1000 6561       3       sun.awt.X11.XWindow::postKeyEvent (111 bytes)
Event: 34879,460 Thread 0x00007ff8840b1000 nmethod 6561 0x00007ff875e82910 code [0x00007ff875e82b80, 0x00007ff875e83818]
Event: 34879,460 Thread 0x00007ff8840b1000 6562       3       java.awt.event.KeyEvent::<init> (172 bytes)
Event: 34879,462 Thread 0x00007ff8840b1000 nmethod 6562 0x00007ff875e814d0 code [0x00007ff875e81700, 0x00007ff875e823f8]
Event: 34879,462 Thread 0x00007ff8840b1000 6563       3       sun.awt.X11.XWindow::setBData (11 bytes)
Event: 34879,462 Thread 0x00007ff8840b1000 nmethod 6563 0x00007ff875e80d90 code [0x00007ff875e80f20, 0x00007ff875e81308]
Event: 34879,462 Thread 0x00007ff8840b1000 6564       3       java.awt.AWTEvent$1::setBData (7 bytes)
Event: 34879,462 Thread 0x00007ff8840b1000 nmethod 6564 0x00007ff875e80950 code [0x00007ff875e80ac0, 0x00007ff875e80c90]
Event: 34886,984 Thread 0x00007ff8840b1000 6565       3       javax.swing.RepaintManager::addDirtyRegion (12 bytes)
Event: 34886,985 Thread 0x00007ff8840b1000 nmethod 6565 0x00007ff875e80590 code [0x00007ff875e80700, 0x00007ff875e80888]

GC Heap History (10 events):
Event: 34704,359 GC heap before
{Heap before GC invocations=242 (full 64):
 PSYoungGen      total 604672K, used 6352K [0x00000000d7200000, 0x00000000fc780000, 0x0000000100000000)
  eden space 597504K, 0% used [0x00000000d7200000,0x00000000d7200000,0x00000000fb980000)
  from space 7168K, 88% used [0x00000000fc080000,0x00000000fc6b4078,0x00000000fc780000)
  to   space 7168K, 0% used [0x00000000fb980000,0x00000000fb980000,0x00000000fc080000)
 ParOldGen       total 84992K, used 16239K [0x0000000085600000, 0x000000008a900000, 0x00000000d7200000)
  object space 84992K, 19% used [0x0000000085600000,0x00000000865dbec8,0x000000008a900000)
 Metaspace       used 20472K, capacity 20856K, committed 20992K, reserved 1067008K
  class space    used 2400K, capacity 2544K, committed 2560K, reserved 1048576K
Event: 34704,771 GC heap after
Heap after GC invocations=242 (full 64):
 PSYoungGen      total 604672K, used 0K [0x00000000d7200000, 0x00000000fc780000, 0x0000000100000000)
  eden space 597504K, 0% used [0x00000000d7200000,0x00000000d7200000,0x00000000fb980000)
  from space 7168K, 0% used [0x00000000fc080000,0x00000000fc080000,0x00000000fc780000)
  to   space 7168K, 0% used [0x00000000fb980000,0x00000000fb980000,0x00000000fc080000)
 ParOldGen       total 84992K, used 16237K [0x0000000085600000, 0x000000008a900000, 0x00000000d7200000)
  object space 84992K, 19% used [0x0000000085600000,0x00000000865db720,0x000000008a900000)
 Metaspace       used 20472K, capacity 20856K, committed 20992K, reserved 1067008K
  class space    used 2400K, capacity 2544K, committed 2560K, reserved 1048576K
}
Event: 34705,821 GC heap before
{Heap before GC invocations=243 (full 64):
 PSYoungGen      total 604672K, used 14333K [0x00000000d7200000, 0x00000000fc780000, 0x0000000100000000)
  eden space 597504K, 2% used [0x00000000d7200000,0x00000000d7fff798,0x00000000fb980000)
  from space 7168K, 0% used [0x00000000fc080000,0x00000000fc080000,0x00000000fc780000)
  to   space 7168K, 0% used [0x00000000fb980000,0x00000000fb980000,0x00000000fc080000)
 ParOldGen       total 84992K, used 16237K [0x0000000085600000, 0x000000008a900000, 0x00000000d7200000)
  object space 84992K, 19% used [0x0000000085600000,0x00000000865db720,0x000000008a900000)
 Metaspace       used 20472K, capacity 20856K, committed 20992K, reserved 1067008K
  class space    used 2400K, capacity 2544K, committed 2560K, reserved 1048576K
Event: 34705,978 GC heap after
Heap after GC invocations=243 (full 64):
 PSYoungGen      total 604672K, used 6352K [0x00000000d7200000, 0x00000000fc780000, 0x0000000100000000)
  eden space 597504K, 0% used [0x00000000d7200000,0x00000000d7200000,0x00000000fb980000)
  from space 7168K, 88% used [0x00000000fb980000,0x00000000fbfb4078,0x00000000fc080000)
  to   space 7168K, 0% used [0x00000000fc080000,0x00000000fc080000,0x00000000fc780000)
 ParOldGen       total 84992K, used 16237K [0x0000000085600000, 0x000000008a900000, 0x00000000d7200000)
  object space 84992K, 19% used [0x0000000085600000,0x00000000865db720,0x000000008a900000)
 Metaspace       used 20472K, capacity 20856K, committed 20992K, reserved 1067008K
  class space    used 2400K, capacity 2544K, committed 2560K, reserved 1048576K
}
Event: 34705,978 GC heap before
{Heap before GC invocations=244 (full 65):
 PSYoungGen      total 604672K, used 6352K [0x00000000d7200000, 0x00000000fc780000, 0x0000000100000000)
  eden space 597504K, 0% used [0x00000000d7200000,0x00000000d7200000,0x00000000fb980000)
  from space 7168K, 88% used [0x00000000fb980000,0x00000000fbfb4078,0x00000000fc080000)
  to   space 7168K, 0% used [0x00000000fc080000,0x00000000fc080000,0x00000000fc780000)
 ParOldGen       total 84992K, used 16237K [0x0000000085600000, 0x000000008a900000, 0x00000000d7200000)
  object space 84992K, 19% used [0x0000000085600000,0x00000000865db720,0x000000008a900000)
 Metaspace       used 20472K, capacity 20856K, committed 20992K, reserved 1067008K
  class space    used 2400K, capacity 2544K, committed 2560K, reserved 1048576K
Event: 34706,388 GC heap after
Heap after GC invocations=244 (full 65):
 PSYoungGen      total 604672K, used 0K [0x00000000d7200000, 0x00000000fc780000, 0x0000000100000000)
  eden space 597504K, 0% used [0x00000000d7200000,0x00000000d7200000,0x00000000fb980000)
  from space 7168K, 0% used [0x00000000fb980000,0x00000000fb980000,0x00000000fc080000)
  to   space 7168K, 0% used [0x00000000fc080000,0x00000000fc080000,0x00000000fc780000)
 ParOldGen       total 84992K, used 16236K [0x0000000085600000, 0x000000008a900000, 0x00000000d7200000)
  object space 84992K, 19% used [0x0000000085600000,0x00000000865db3c8,0x000000008a900000)
 Metaspace       used 20472K, capacity 20856K, committed 20992K, reserved 1067008K
  class space    used 2400K, capacity 2544K, committed 2560K, reserved 1048576K
}
Event: 34707,382 GC heap before
{Heap before GC invocations=245 (full 65):
 PSYoungGen      total 604672K, used 14614K [0x00000000d7200000, 0x00000000fc780000, 0x0000000100000000)
  eden space 597504K, 2% used [0x00000000d7200000,0x00000000d8045880,0x00000000fb980000)
  from space 7168K, 0% used [0x00000000fb980000,0x00000000fb980000,0x00000000fc080000)
  to   space 7168K, 0% used [0x00000000fc080000,0x00000000fc080000,0x00000000fc780000)
 ParOldGen       total 84992K, used 16236K [0x0000000085600000, 0x000000008a900000, 0x00000000d7200000)
  object space 84992K, 19% used [0x0000000085600000,0x00000000865db3c8,0x000000008a900000)
 Metaspace       used 20472K, capacity 20856K, committed 20992K, reserved 1067008K
  class space    used 2400K, capacity 2544K, committed 2560K, reserved 1048576K
Event: 34707,554 GC heap after
Heap after GC invocations=245 (full 65):
 PSYoungGen      total 604160K, used 6352K [0x00000000d7200000, 0x00000000fc700000, 0x0000000100000000)
  eden space 597504K, 0% used [0x00000000d7200000,0x00000000d7200000,0x00000000fb980000)
  from space 6656K, 95% used [0x00000000fc080000,0x00000000fc6b4078,0x00000000fc700000)
  to   space 6656K, 0% used [0x00000000fba00000,0x00000000fba00000,0x00000000fc080000)
 ParOldGen       total 84992K, used 16236K [0x0000000085600000, 0x000000008a900000, 0x00000000d7200000)
  object space 84992K, 19% used [0x0000000085600000,0x00000000865db3c8,0x000000008a900000)
 Metaspace       used 20472K, capacity 20856K, committed 20992K, reserved 1067008K
  class space    used 2400K, capacity 2544K, committed 2560K, reserved 1048576K
}
Event: 34707,554 GC heap before
{Heap before GC invocations=246 (full 66):
 PSYoungGen      total 604160K, used 6352K [0x00000000d7200000, 0x00000000fc700000, 0x0000000100000000)
  eden space 597504K, 0% used [0x00000000d7200000,0x00000000d7200000,0x00000000fb980000)
  from space 6656K, 95% used [0x00000000fc080000,0x00000000fc6b4078,0x00000000fc700000)
  to   space 6656K, 0% used [0x00000000fba00000,0x00000000fba00000,0x00000000fc080000)
 ParOldGen       total 84992K, used 16236K [0x0000000085600000, 0x000000008a900000, 0x00000000d7200000)
  object space 84992K, 19% used [0x0000000085600000,0x00000000865db3c8,0x000000008a900000)
 Metaspace       used 20472K, capacity 20856K, committed 20992K, reserved 1067008K
  class space    used 2400K, capacity 2544K, committed 2560K, reserved 1048576K
Event: 34707,968 GC heap after
Heap after GC invocations=246 (full 66):
 PSYoungGen      total 604160K, used 0K [0x00000000d7200000, 0x00000000fc700000, 0x0000000100000000)
  eden space 597504K, 0% used [0x00000000d7200000,0x00000000d7200000,0x00000000fb980000)
  from space 6656K, 0% used [0x00000000fc080000,0x00000000fc080000,0x00000000fc700000)
  to   space 6656K, 0% used [0x00000000fba00000,0x00000000fba00000,0x00000000fc080000)
 ParOldGen       total 84992K, used 16237K [0x0000000085600000, 0x000000008a900000, 0x00000000d7200000)
  object space 84992K, 19% used [0x0000000085600000,0x00000000865db4f8,0x000000008a900000)
 Metaspace       used 20472K, capacity 20856K, committed 20992K, reserved 1067008K
  class space    used 2400K, capacity 2544K, committed 2560K, reserved 1048576K
}

Deoptimization events (10 events):
Event: 33603,575 Thread 0x00007ff884353800 Uncommon trap: reason=bimorphic action=maybe_recompile pc=0x00007ff875d0ad48 method=java.awt.LightweightDispatcher.eventDispatched(Ljava/awt/AWTEvent;)V @ 247
Event: 33604,223 Thread 0x00007ff884353800 Uncommon trap: reason=bimorphic action=maybe_recompile pc=0x00007ff875d0ad48 method=java.awt.LightweightDispatcher.eventDispatched(Ljava/awt/AWTEvent;)V @ 247
Event: 33640,474 Thread 0x00007ff80c2e3000 Uncommon trap: reason=unstable_if action=reinterpret pc=0x00007ff875cac124 method=javax.swing.RepaintManager.addDirtyRegion0(Ljava/awt/Container;IIII)V @ 151
Event: 33643,059 Thread 0x00007ff884353800 Uncommon trap: reason=unstable_if action=reinterpret pc=0x00007ff875ca6c20 method=javax.swing.RepaintManager.addDirtyRegion0(Ljava/awt/Container;IIII)V @ 151
Event: 33649,703 Thread 0x00007ff884353800 Uncommon trap: reason=unstable_if action=reinterpret pc=0x00007ff875e1c1b8 method=java.awt.Component.disable()V @ 47
Event: 33665,903 Thread 0x00007ff884353800 Uncommon trap: reason=unstable_if action=reinterpret pc=0x00007ff875ae18d8 method=javax.swing.plaf.basic.BasicButtonUI.paintIcon(Ljava/awt/Graphics;Ljavax/swing/JComponent;Ljava/awt/Rectangle;)V @ 126
Event: 33669,208 Thread 0x00007ff884308000 Uncommon trap: reason=unstable_if action=reinterpret pc=0x00007ff875413240 method=java.util.concurrent.locks.AbstractQueuedSynchronizer.acquireInterruptibly(I)V @ 19
Event: 33818,665 Thread 0x00007ff8842b2000 Uncommon trap: reason=null_check action=make_not_entrant pc=0x00007ff875e47cd4 method=sun.awt.X11.XToolkit.run(Z)V @ 226
Event: 33992,366 Thread 0x00007ff884353800 Uncommon trap: reason=bimorphic action=maybe_recompile pc=0x00007ff875bbb564 method=java.awt.Component.processComponentEvent(Ljava/awt/event/ComponentEvent;)V @ 76
Event: 34644,048 Thread 0x00007ff884353800 Uncommon trap: reason=unstable_if action=reinterpret pc=0x00007ff875d21cd4 method=java.awt.DefaultKeyboardFocusManager.typeAheadAssertions(Ljava/awt/Component;Ljava/awt/AWTEvent;)Z @ 76

Internal exceptions (10 events):
Event: 34705,102 Thread 0x00007ff884353800 Exception <a 'java/lang/StackOverflowError'> (0x00000000d7277778) thrown at [/build/openjdk-8-aAuh2m/openjdk-8-8u66-b17/src/hotspot/src/share/vm/prims/jvm.cpp, line 1390]
Event: 34705,102 Thread 0x00007ff884353800 Exception <a 'java/lang/StackOverflowError'> (0x00000000d7277778) thrown at [/build/openjdk-8-aAuh2m/openjdk-8-8u66-b17/src/hotspot/src/share/vm/prims/jvm.cpp, line 1390]
Event: 34706,749 Thread 0x00007ff884353800 StackOverflowError at 0x00007ff8753175e0
Event: 34706,749 Thread 0x00007ff884353800 Exception <a 'java/lang/StackOverflowError'> (0x00000000d727a308) thrown at [/build/openjdk-8-aAuh2m/openjdk-8-8u66-b17/src/hotspot/src/share/vm/runtime/sharedRuntime.cpp, line 605]
Event: 34706,761 Thread 0x00007ff884353800 Exception <a 'java/lang/StackOverflowError'> (0x00000000d727a308) thrown at [/build/openjdk-8-aAuh2m/openjdk-8-8u66-b17/src/hotspot/src/share/vm/prims/jvm.cpp, line 1390]
Event: 34706,761 Thread 0x00007ff884353800 Exception <a 'java/lang/StackOverflowError'> (0x00000000d727a308) thrown at [/build/openjdk-8-aAuh2m/openjdk-8-8u66-b17/src/hotspot/src/share/vm/prims/jvm.cpp, line 1390]
Event: 34708,333 Thread 0x00007ff884353800 StackOverflowError at 0x00007ff8753175e0
Event: 34708,334 Thread 0x00007ff884353800 Exception <a 'java/lang/StackOverflowError'> (0x00000000d725d540) thrown at [/build/openjdk-8-aAuh2m/openjdk-8-8u66-b17/src/hotspot/src/share/vm/runtime/sharedRuntime.cpp, line 605]
Event: 34708,348 Thread 0x00007ff884353800 Exception <a 'java/lang/StackOverflowError'> (0x00000000d725d540) thrown at [/build/openjdk-8-aAuh2m/openjdk-8-8u66-b17/src/hotspot/src/share/vm/prims/jvm.cpp, line 1390]
Event: 34708,348 Thread 0x00007ff884353800 Exception <a 'java/lang/StackOverflowError'> (0x00000000d725d540) thrown at [/build/openjdk-8-aAuh2m/openjdk-8-8u66-b17/src/hotspot/src/share/vm/prims/jvm.cpp, line 1390]

Events (10 events):
Event: 34708,313 Executing VM operation: RevokeBias done
Event: 34708,339 Thread 0x00007ff80c2e3000 Thread exited: 0x00007ff80c2e3000
Event: 34808,220 Thread 0x00007ff80c2e3000 Thread added: 0x00007ff80c2e3000
Event: 34808,232 Thread 0x00007ff80c2e3000 Thread exited: 0x00007ff80c2e3000
Event: 34845,036 Thread 0x00007ff80c2e3000 Thread added: 0x00007ff80c2e3000
Event: 34845,046 Thread 0x00007ff80c2e3000 Thread exited: 0x00007ff80c2e3000
Event: 34846,004 Thread 0x00007ff80c2e3000 Thread added: 0x00007ff80c2e3000
Event: 34846,025 Thread 0x00007ff80c2e3000 Thread exited: 0x00007ff80c2e3000
Event: 34886,984 Executing VM operation: RevokeBias
Event: 34886,984 Executing VM operation: RevokeBias done


Dynamic libraries:
00400000-00401000 r-xp 00000000 103:02 795518                            /usr/lib/jvm/java-8-openjdk-amd64/jre/bin/java
00600000-00601000 r--p 00000000 103:02 795518                            /usr/lib/jvm/java-8-openjdk-amd64/jre/bin/java
00601000-00602000 rw-p 00001000 103:02 795518                            /usr/lib/jvm/java-8-openjdk-amd64/jre/bin/java
00ca8000-00cc9000 rw-p 00000000 00:00 0                                  [heap]
85600000-8a900000 rw-p 00000000 00:00 0 
8a900000-d7200000 ---p 00000000 00:00 0 
d7200000-fc700000 rw-p 00000000 00:00 0 
fc700000-100000000 ---p 00000000 00:00 0 
100000000-100280000 rw-p 00000000 00:00 0 
100280000-140000000 ---p 00000000 00:00 0 
7ff7ec000000-7ff7efe9a000 rw-p 00000000 00:00 0 
7ff7efe9a000-7ff7f0000000 ---p 00000000 00:00 0 
7ff7f4000000-7ff7f7ffa000 rw-p 00000000 00:00 0 
7ff7f7ffa000-7ff7f8000000 ---p 00000000 00:00 0 
7ff7f8000000-7ff7fc000000 rw-p 00000000 00:00 0 
7ff7fc000000-7ff7fc021000 rw-p 00000000 00:00 0 
7ff7fc021000-7ff800000000 ---p 00000000 00:00 0 
7ff800000000-7ff800021000 rw-p 00000000 00:00 0 
7ff800021000-7ff804000000 ---p 00000000 00:00 0 
7ff804000000-7ff804021000 rw-p 00000000 00:00 0 
7ff804021000-7ff808000000 ---p 00000000 00:00 0 
7ff808000000-7ff808021000 rw-p 00000000 00:00 0 
7ff808021000-7ff80c000000 ---p 00000000 00:00 0 
7ff80c000000-7ff80ddbd000 rw-p 00000000 00:00 0 
7ff80ddbd000-7ff810000000 ---p 00000000 00:00 0 
7ff812ad0000-7ff812cd0000 rw-p 00000000 00:00 0 
7ff812cd0000-7ff812cd3000 ---p 00000000 00:00 0 
7ff812cd3000-7ff812dd1000 rw-p 00000000 00:00 0 
7ff812dd1000-7ff812dd4000 ---p 00000000 00:00 0 
7ff812dd4000-7ff8130d2000 rw-p 00000000 00:00 0 
7ff8130d2000-7ff8132d2000 rw-p 00000000 00:00 0 
7ff8132d2000-7ff8132d5000 ---p 00000000 00:00 0 
7ff8132d5000-7ff8133d3000 rw-p 00000000 00:00 0                          [stack:9468]
7ff8133d3000-7ff8133d6000 ---p 00000000 00:00 0 
7ff8133d6000-7ff8134d4000 rw-p 00000000 00:00 0                          [stack:9469]
7ff8134d4000-7ff8134e5000 r-xp 00000000 103:02 795551                    /usr/lib/jvm/java-8-openjdk-amd64/jre/lib/amd64/libnio.so
7ff8134e5000-7ff8136e5000 ---p 00011000 103:02 795551                    /usr/lib/jvm/java-8-openjdk-amd64/jre/lib/amd64/libnio.so
7ff8136e5000-7ff8136e6000 r--p 00011000 103:02 795551                    /usr/lib/jvm/java-8-openjdk-amd64/jre/lib/amd64/libnio.so
7ff8136e6000-7ff8136e7000 rw-p 00012000 103:02 795551                    /usr/lib/jvm/java-8-openjdk-amd64/jre/lib/amd64/libnio.so
7ff8136e7000-7ff8139e8000 rw-p 00000000 00:00 0 
7ff8139e8000-7ff8139ff000 r-xp 00000000 103:02 795583                    /usr/lib/jvm/java-8-openjdk-amd64/jre/lib/amd64/libnet.so
7ff8139ff000-7ff813bfe000 ---p 00017000 103:02 795583                    /usr/lib/jvm/java-8-openjdk-amd64/jre/lib/amd64/libnet.so
7ff813bfe000-7ff813bff000 r--p 00016000 103:02 795583                    /usr/lib/jvm/java-8-openjdk-amd64/jre/lib/amd64/libnet.so
7ff813bff000-7ff813c00000 rw-p 00017000 103:02 795583                    /usr/lib/jvm/java-8-openjdk-amd64/jre/lib/amd64/libnet.so
7ff813c00000-7ff813e00000 rw-p 00000000 00:00 0 
7ff813e00000-7ff814000000 rw-p 00000000 00:00 0 
7ff814000000-7ff8147d2000 rw-p 00000000 00:00 0 
7ff8147d2000-7ff818000000 ---p 00000000 00:00 0 
7ff818000000-7ff81c000000 rw-p 00000000 00:00 0 
7ff81c000000-7ff81c021000 rw-p 00000000 00:00 0 
7ff81c021000-7ff820000000 ---p 00000000 00:00 0 
7ff820000000-7ff820021000 rw-p 00000000 00:00 0 
7ff820021000-7ff824000000 ---p 00000000 00:00 0 
7ff824000000-7ff824021000 rw-p 00000000 00:00 0 
7ff824021000-7ff828000000 ---p 00000000 00:00 0 
7ff828000000-7ff8283ca000 rw-p 00000000 00:00 0 
7ff8283ca000-7ff82c000000 ---p 00000000 00:00 0 
7ff82c041000-7ff82c044000 ---p 00000000 00:00 0 
7ff82c044000-7ff82c142000 rw-p 00000000 00:00 0                          [stack:9463]
7ff82c142000-7ff82c145000 ---p 00000000 00:00 0 
7ff82c145000-7ff82c943000 rw-p 00000000 00:00 0                          [stack:9462]
7ff82c943000-7ff82c946000 ---p 00000000 00:00 0 
7ff82c946000-7ff82ca44000 rw-p 00000000 00:00 0 
7ff82ca44000-7ff82ca47000 ---p 00000000 00:00 0 
7ff82ca47000-7ff82cb45000 rw-p 00000000 00:00 0                          [stack:9460]
7ff82cb45000-7ff82cb48000 ---p 00000000 00:00 0 
7ff82cb48000-7ff82cc46000 rw-p 00000000 00:00 0                          [stack:9459]
7ff82cc46000-7ff82cc49000 ---p 00000000 00:00 0 
7ff82cc49000-7ff82cd47000 rw-p 00000000 00:00 0                          [stack:9458]
7ff82cd47000-7ff82cd61000 r-xp 00000000 103:02 664236                    /usr/lib/x86_64-linux-gnu/libgraphite2.so.3.0.1
7ff82cd61000-7ff82cf60000 ---p 0001a000 103:02 664236                    /usr/lib/x86_64-linux-gnu/libgraphite2.so.3.0.1
7ff82cf60000-7ff82cf62000 r--p 00019000 103:02 664236                    /usr/lib/x86_64-linux-gnu/libgraphite2.so.3.0.1
7ff82cf62000-7ff82cf63000 rw-p 0001b000 103:02 664236                    /usr/lib/x86_64-linux-gnu/libgraphite2.so.3.0.1
7ff82cf63000-7ff82cf75000 r-xp 00000000 103:02 135543                    /lib/x86_64-linux-gnu/libgpg-error.so.0.15.0
7ff82cf75000-7ff82d174000 ---p 00012000 103:02 135543                    /lib/x86_64-linux-gnu/libgpg-error.so.0.15.0
7ff82d174000-7ff82d175000 r--p 00011000 103:02 135543                    /lib/x86_64-linux-gnu/libgpg-error.so.0.15.0
7ff82d175000-7ff82d176000 rw-p 00012000 103:02 135543                    /lib/x86_64-linux-gnu/libgpg-error.so.0.15.0
7ff82d176000-7ff82d17c000 r-xp 00000000 103:02 664022                    /usr/lib/x86_64-linux-gnu/libdatrie.so.1.3.2
7ff82d17c000-7ff82d37b000 ---p 00006000 103:02 664022                    /usr/lib/x86_64-linux-gnu/libdatrie.so.1.3.2
7ff82d37b000-7ff82d37c000 r--p 00005000 103:02 664022                    /usr/lib/x86_64-linux-gnu/libdatrie.so.1.3.2
7ff82d37c000-7ff82d37d000 rw-p 00006000 103:02 664022                    /usr/lib/x86_64-linux-gnu/libdatrie.so.1.3.2
7ff82d37d000-7ff82d3d9000 r-xp 00000000 103:02 664317                    /usr/lib/x86_64-linux-gnu/libharfbuzz.so.0.10000.1
7ff82d3d9000-7ff82d5d9000 ---p 0005c000 103:02 664317                    /usr/lib/x86_64-linux-gnu/libharfbuzz.so.0.10000.1
7ff82d5d9000-7ff82d5da000 r--p 0005c000 103:02 664317                    /usr/lib/x86_64-linux-gnu/libharfbuzz.so.0.10000.1
7ff82d5da000-7ff82d5db000 rw-p 0005d000 103:02 664317                    /usr/lib/x86_64-linux-gnu/libharfbuzz.so.0.10000.1
7ff82d5db000-7ff82d6b3000 r-xp 00000000 103:02 135539                    /lib/x86_64-linux-gnu/libgcrypt.so.20.0.3
7ff82d6b3000-7ff82d8b3000 ---p 000d8000 103:02 135539                    /lib/x86_64-linux-gnu/libgcrypt.so.20.0.3
7ff82d8b3000-7ff82d8b4000 r--p 000d8000 103:02 135539                    /lib/x86_64-linux-gnu/libgcrypt.so.20.0.3
7ff82d8b4000-7ff82d8bd000 rw-p 000d9000 103:02 135539                    /lib/x86_64-linux-gnu/libgcrypt.so.20.0.3
7ff82d8bd000-7ff82d8de000 r-xp 00000000 103:02 135563                    /lib/x86_64-linux-gnu/liblzma.so.5.0.0
7ff82d8de000-7ff82dadd000 ---p 00021000 103:02 135563                    /lib/x86_64-linux-gnu/liblzma.so.5.0.0
7ff82dadd000-7ff82dade000 r--p 00020000 103:02 135563                    /lib/x86_64-linux-gnu/liblzma.so.5.0.0
7ff82dade000-7ff82dadf000 rw-p 00021000 103:02 135563                    /lib/x86_64-linux-gnu/liblzma.so.5.0.0
7ff82dadf000-7ff82dae7000 r-xp 00000000 103:02 664880                    /usr/lib/x86_64-linux-gnu/libxcb-render.so.0.0.0
7ff82dae7000-7ff82dce7000 ---p 00008000 103:02 664880                    /usr/lib/x86_64-linux-gnu/libxcb-render.so.0.0.0
7ff82dce7000-7ff82dce8000 r--p 00008000 103:02 664880                    /usr/lib/x86_64-linux-gnu/libxcb-render.so.0.0.0
7ff82dce8000-7ff82dce9000 rw-p 00009000 103:02 664880                    /usr/lib/x86_64-linux-gnu/libxcb-render.so.0.0.0
7ff82dce9000-7ff82dceb000 r-xp 00000000 103:02 664884                    /usr/lib/x86_64-linux-gnu/libxcb-shm.so.0.0.0
7ff82dceb000-7ff82deeb000 ---p 00002000 103:02 664884                    /usr/lib/x86_64-linux-gnu/libxcb-shm.so.0.0.0
7ff82deeb000-7ff82deec000 r--p 00002000 103:02 664884                    /usr/lib/x86_64-linux-gnu/libxcb-shm.so.0.0.0
7ff82deec000-7ff82deed000 rw-p 00003000 103:02 664884                    /usr/lib/x86_64-linux-gnu/libxcb-shm.so.0.0.0
7ff82deed000-7ff82df92000 r-xp 00000000 103:02 664565                    /usr/lib/x86_64-linux-gnu/libpixman-1.so.0.32.6
7ff82df92000-7ff82e191000 ---p 000a5000 103:02 664565                    /usr/lib/x86_64-linux-gnu/libpixman-1.so.0.32.6
7ff82e191000-7ff82e199000 r--p 000a4000 103:02 664565                    /usr/lib/x86_64-linux-gnu/libpixman-1.so.0.32.6
7ff82e199000-7ff82e19a000 rw-p 000ac000 103:02 664565                    /usr/lib/x86_64-linux-gnu/libpixman-1.so.0.32.6
7ff82e19a000-7ff82e1c0000 r-xp 00000000 103:02 135530                    /lib/x86_64-linux-gnu/libexpat.so.1.6.0
7ff82e1c0000-7ff82e3c0000 ---p 00026000 103:02 135530                    /lib/x86_64-linux-gnu/libexpat.so.1.6.0
7ff82e3c0000-7ff82e3c2000 r--p 00026000 103:02 135530                    /lib/x86_64-linux-gnu/libexpat.so.1.6.0
7ff82e3c2000-7ff82e3c3000 rw-p 00028000 103:02 135530                    /lib/x86_64-linux-gnu/libexpat.so.1.6.0
7ff82e3c3000-7ff82e3da000 r-xp 00000000 103:02 135647                    /lib/x86_64-linux-gnu/libresolv-2.21.so
7ff82e3da000-7ff82e5da000 ---p 00017000 103:02 135647                    /lib/x86_64-linux-gnu/libresolv-2.21.so
7ff82e5da000-7ff82e5dc000 r--p 00017000 103:02 135647                    /lib/x86_64-linux-gnu/libresolv-2.21.so
7ff82e5dc000-7ff82e5dd000 rw-p 00019000 103:02 135647                    /lib/x86_64-linux-gnu/libresolv-2.21.so
7ff82e5dd000-7ff82e5df000 rw-p 00000000 00:00 0 
7ff82e5df000-7ff82e600000 r-xp 00000000 103:02 135653                    /lib/x86_64-linux-gnu/libselinux.so.1
7ff82e600000-7ff82e7ff000 ---p 00021000 103:02 135653                    /lib/x86_64-linux-gnu/libselinux.so.1
7ff82e7ff000-7ff82e800000 r--p 00020000 103:02 135653                    /lib/x86_64-linux-gnu/libselinux.so.1
7ff82e800000-7ff82e801000 rw-p 00021000 103:02 135653                    /lib/x86_64-linux-gnu/libselinux.so.1
7ff82e801000-7ff82e803000 rw-p 00000000 00:00 0 
7ff82e803000-7ff82e80b000 r-xp 00000000 103:02 664741                    /usr/lib/x86_64-linux-gnu/libthai.so.0.2.2
7ff82e80b000-7ff82ea0a000 ---p 00008000 103:02 664741                    /usr/lib/x86_64-linux-gnu/libthai.so.0.2.2
7ff82ea0a000-7ff82ea0b000 r--p 00007000 103:02 664741                    /usr/lib/x86_64-linux-gnu/libthai.so.0.2.2
7ff82ea0b000-7ff82ea0c000 rw-p 00008000 103:02 664741                    /usr/lib/x86_64-linux-gnu/libthai.so.0.2.2
7ff82ea0c000-7ff82ea0f000 r-xp 00000000 103:02 664202                    /usr/lib/x86_64-linux-gnu/libgmodule-2.0.so.0.4600.1
7ff82ea0f000-7ff82ec0e000 ---p 00003000 103:02 664202                    /usr/lib/x86_64-linux-gnu/libgmodule-2.0.so.0.4600.1
7ff82ec0e000-7ff82ec0f000 r--p 00002000 103:02 664202                    /usr/lib/x86_64-linux-gnu/libgmodule-2.0.so.0.4600.1
7ff82ec0f000-7ff82ec10000 rw-p 00003000 103:02 664202                    /usr/lib/x86_64-linux-gnu/libgmodule-2.0.so.0.4600.1
7ff82ec10000-7ff82ec24000 r-xp 00000000 103:02 664544                    /usr/lib/x86_64-linux-gnu/libpangoft2-1.0.so.0.3600.8
7ff82ec24000-7ff82ee24000 ---p 00014000 103:02 664544                    /usr/lib/x86_64-linux-gnu/libpangoft2-1.0.so.0.3600.8
7ff82ee24000-7ff82ee25000 r--p 00014000 103:02 664544                    /usr/lib/x86_64-linux-gnu/libpangoft2-1.0.so.0.3600.8
7ff82ee25000-7ff82ee26000 rw-p 00015000 103:02 664544                    /usr/lib/x86_64-linux-gnu/libpangoft2-1.0.so.0.3600.8
7ff82ee26000-7ff82ee92000 r-xp 00000000 103:02 135624                    /lib/x86_64-linux-gnu/libpcre.so.3.13.1
7ff82ee92000-7ff82f091000 ---p 0006c000 103:02 135624                    /lib/x86_64-linux-gnu/libpcre.so.3.13.1
7ff82f091000-7ff82f092000 r--p 0006b000 103:02 135624                    /lib/x86_64-linux-gnu/libpcre.so.3.13.1
7ff82f092000-7ff82f093000 rw-p 0006c000 103:02 135624                    /lib/x86_64-linux-gnu/libpcre.so.3.13.1
7ff82f093000-7ff82f09a000 r-xp 00000000 103:02 664099                    /usr/lib/x86_64-linux-gnu/libffi.so.6.0.4
7ff82f09a000-7ff82f299000 ---p 00007000 103:02 664099                    /usr/lib/x86_64-linux-gnu/libffi.so.6.0.4
7ff82f299000-7ff82f29a000 r--p 00006000 103:02 664099                    /usr/lib/x86_64-linux-gnu/libffi.so.6.0.4
7ff82f29a000-7ff82f29b000 rw-p 00007000 103:02 664099                    /usr/lib/x86_64-linux-gnu/libffi.so.6.0.4
7ff82f29b000-7ff82f3a9000 r-xp 00000000 103:02 663937                    /usr/lib/x86_64-linux-gnu/libcairo.so.2.11400.2
7ff82f3a9000-7ff82f5a8000 ---p 0010e000 103:02 663937                    /usr/lib/x86_64-linux-gnu/libcairo.so.2.11400.2
7ff82f5a8000-7ff82f5ab000 r--p 0010d000 103:02 663937                    /usr/lib/x86_64-linux-gnu/libcairo.so.2.11400.2
7ff82f5ab000-7ff82f5ac000 rw-p 00110000 103:02 663937                    /usr/lib/x86_64-linux-gnu/libcairo.so.2.11400.2
7ff82f5ac000-7ff82f5ae000 rw-p 00000000 00:00 0 
7ff82f5ae000-7ff82f5b0000 r-xp 00000000 103:02 663805                    /usr/lib/x86_64-linux-gnu/libXdamage.so.1.1.0
7ff82f5b0000-7ff82f7af000 ---p 00002000 103:02 663805                    /usr/lib/x86_64-linux-gnu/libXdamage.so.1.1.0
7ff82f7af000-7ff82f7b0000 r--p 00001000 103:02 663805                    /usr/lib/x86_64-linux-gnu/libXdamage.so.1.1.0
7ff82f7b0000-7ff82f7b1000 rw-p 00002000 103:02 663805                    /usr/lib/x86_64-linux-gnu/libXdamage.so.1.1.0
7ff82f7b1000-7ff82f7b3000 r-xp 00000000 103:02 663801                    /usr/lib/x86_64-linux-gnu/libXcomposite.so.1.0.0
7ff82f7b3000-7ff82f9b2000 ---p 00002000 103:02 663801                    /usr/lib/x86_64-linux-gnu/libXcomposite.so.1.0.0
7ff82f9b2000-7ff82f9b3000 r--p 00001000 103:02 663801                    /usr/lib/x86_64-linux-gnu/libXcomposite.so.1.0.0
7ff82f9b3000-7ff82f9b4000 rw-p 00002000 103:02 663801                    /usr/lib/x86_64-linux-gnu/libXcomposite.so.1.0.0
7ff82f9b4000-7ff82f9be000 r-xp 00000000 103:02 663827                    /usr/lib/x86_64-linux-gnu/libXrandr.so.2.2.0
7ff82f9be000-7ff82fbbd000 ---p 0000a000 103:02 663827                    /usr/lib/x86_64-linux-gnu/libXrandr.so.2.2.0
7ff82fbbd000-7ff82fbbe000 r--p 00009000 103:02 663827                    /usr/lib/x86_64-linux-gnu/libXrandr.so.2.2.0
7ff82fbbe000-7ff82fbbf000 rw-p 0000a000 103:02 663827                    /usr/lib/x86_64-linux-gnu/libXrandr.so.2.2.0
7ff82fbbf000-7ff82fbc1000 r-xp 00000000 103:02 663819                    /usr/lib/x86_64-linux-gnu/libXinerama.so.1.0.0
7ff82fbc1000-7ff82fdc0000 ---p 00002000 103:02 663819                    /usr/lib/x86_64-linux-gnu/libXinerama.so.1.0.0
7ff82fdc0000-7ff82fdc1000 r--p 00001000 103:02 663819                    /usr/lib/x86_64-linux-gnu/libXinerama.so.1.0.0
7ff82fdc1000-7ff82fdc2000 rw-p 00002000 103:02 663819                    /usr/lib/x86_64-linux-gnu/libXinerama.so.1.0.0
7ff82fdc2000-7ff82fdfe000 r-xp 00000000 103:02 664113                    /usr/lib/x86_64-linux-gnu/libfontconfig.so.1.8.0
7ff82fdfe000-7ff82fffd000 ---p 0003c000 103:02 664113                    /usr/lib/x86_64-linux-gnu/libfontconfig.so.1.8.0
7ff82fffd000-7ff82ffff000 r--p 0003b000 103:02 664113                    /usr/lib/x86_64-linux-gnu/libfontconfig.so.1.8.0
7ff82ffff000-7ff830000000 rw-p 0003d000 103:02 664113                    /usr/lib/x86_64-linux-gnu/libfontconfig.so.1.8.0
7ff830000000-7ff830021000 rw-p 00000000 00:00 0 
7ff830021000-7ff834000000 ---p 00000000 00:00 0 
7ff834000000-7ff834022000 rw-p 00000000 00:00 0 
7ff834022000-7ff838000000 ---p 00000000 00:00 0 
7ff838000000-7ff838021000 rw-p 00000000 00:00 0 
7ff838021000-7ff83c000000 ---p 00000000 00:00 0 
7ff83c000000-7ff83c021000 rw-p 00000000 00:00 0 
7ff83c021000-7ff840000000 ---p 00000000 00:00 0 
7ff840000000-7ff841f7c000 rw-p 00000000 00:00 0 
7ff841f7c000-7ff844000000 ---p 00000000 00:00 0 
7ff844000000-7ff844769000 rw-p 00000000 00:00 0 
7ff844769000-7ff848000000 ---p 00000000 00:00 0 
7ff848000000-7ff848021000 rw-p 00000000 00:00 0 
7ff848021000-7ff84c000000 ---p 00000000 00:00 0 
7ff84c000000-7ff84e56e000 rw-p 00000000 00:00 0 
7ff84e56e000-7ff850000000 ---p 00000000 00:00 0 
7ff850000000-7ff850021000 rw-p 00000000 00:00 0 
7ff850021000-7ff854000000 ---p 00000000 00:00 0 
7ff854000000-7ff854021000 rw-p 00000000 00:00 0 
7ff854021000-7ff858000000 ---p 00000000 00:00 0 
7ff858000000-7ff858079000 rw-p 00000000 00:00 0 
7ff858079000-7ff85c000000 ---p 00000000 00:00 0 
7ff85c000000-7ff85c0bb000 rw-p 00000000 00:00 0 
7ff85c0bb000-7ff860000000 ---p 00000000 00:00 0 
7ff860000000-7ff86006d000 rw-p 00000000 00:00 0 
7ff86006d000-7ff864000000 ---p 00000000 00:00 0 
7ff8640e8000-7ff864165000 r-xp 00000000 103:02 135663                    /lib/x86_64-linux-gnu/libsystemd.so.0.10.2
7ff864165000-7ff864168000 r--p 0007c000 103:02 135663                    /lib/x86_64-linux-gnu/libsystemd.so.0.10.2
7ff864168000-7ff864169000 rw-p 0007f000 103:02 135663                    /lib/x86_64-linux-gnu/libsystemd.so.0.10.2
7ff864169000-7ff8642e3000 r-xp 00000000 103:02 664188                    /usr/lib/x86_64-linux-gnu/libgio-2.0.so.0.4600.1
7ff8642e3000-7ff8644e2000 ---p 0017a000 103:02 664188                    /usr/lib/x86_64-linux-gnu/libgio-2.0.so.0.4600.1
7ff8644e2000-7ff8644e6000 r--p 00179000 103:02 664188                    /usr/lib/x86_64-linux-gnu/libgio-2.0.so.0.4600.1
7ff8644e6000-7ff8644e8000 rw-p 0017d000 103:02 664188                    /usr/lib/x86_64-linux-gnu/libgio-2.0.so.0.4600.1
7ff8644e8000-7ff8644ea000 rw-p 00000000 00:00 0 
7ff8644ea000-7ff86450b000 r-xp 00000000 103:02 664158                    /usr/lib/x86_64-linux-gnu/libgdk_pixbuf-2.0.so.0.3200.1
7ff86450b000-7ff86470a000 ---p 00021000 103:02 664158                    /usr/lib/x86_64-linux-gnu/libgdk_pixbuf-2.0.so.0.3200.1
7ff86470a000-7ff86470b000 r--p 00020000 103:02 664158                    /usr/lib/x86_64-linux-gnu/libgdk_pixbuf-2.0.so.0.3200.1
7ff86470b000-7ff86470c000 rw-p 00021000 103:02 664158                    /usr/lib/x86_64-linux-gnu/libgdk_pixbuf-2.0.so.0.3200.1
7ff86470c000-7ff864757000 r-xp 00000000 103:02 664540                    /usr/lib/x86_64-linux-gnu/libpango-1.0.so.0.3600.8
7ff864757000-7ff864957000 ---p 0004b000 103:02 664540                    /usr/lib/x86_64-linux-gnu/libpango-1.0.so.0.3600.8
7ff864957000-7ff864959000 r--p 0004b000 103:02 664540                    /usr/lib/x86_64-linux-gnu/libpango-1.0.so.0.3600.8
7ff864959000-7ff86495a000 rw-p 0004d000 103:02 664540                    /usr/lib/x86_64-linux-gnu/libpango-1.0.so.0.3600.8
7ff86495a000-7ff864966000 r-xp 00000000 103:02 664542                    /usr/lib/x86_64-linux-gnu/libpangocairo-1.0.so.0.3600.8
7ff864966000-7ff864b65000 ---p 0000c000 103:02 664542                    /usr/lib/x86_64-linux-gnu/libpangocairo-1.0.so.0.3600.8
7ff864b65000-7ff864b66000 r--p 0000b000 103:02 664542                    /usr/lib/x86_64-linux-gnu/libpangocairo-1.0.so.0.3600.8
7ff864b66000-7ff864b67000 rw-p 0000c000 103:02 664542                    /usr/lib/x86_64-linux-gnu/libpangocairo-1.0.so.0.3600.8
7ff864b67000-7ff864bb1000 r-xp 00000000 103:02 135520                    /lib/x86_64-linux-gnu/libdbus-1.so.3.14.3
7ff864bb1000-7ff864db1000 ---p 0004a000 103:02 135520                    /lib/x86_64-linux-gnu/libdbus-1.so.3.14.3
7ff864db1000-7ff864db2000 r--p 0004a000 103:02 135520                    /lib/x86_64-linux-gnu/libdbus-1.so.3.14.3
7ff864db2000-7ff864db3000 rw-p 0004b000 103:02 135520                    /lib/x86_64-linux-gnu/libdbus-1.so.3.14.3
7ff864db3000-7ff864ddf000 r-xp 00000000 103:02 663892                    /usr/lib/x86_64-linux-gnu/libatspi.so.0.0.1
7ff864ddf000-7ff864fdf000 ---p 0002c000 103:02 663892                    /usr/lib/x86_64-linux-gnu/libatspi.so.0.0.1
7ff864fdf000-7ff864fe3000 r--p 0002c000 103:02 663892                    /usr/lib/x86_64-linux-gnu/libatspi.so.0.0.1
7ff864fe3000-7ff864fe4000 rw-p 00030000 103:02 663892                    /usr/lib/x86_64-linux-gnu/libatspi.so.0.0.1
7ff864fe4000-7ff8650f1000 r-xp 00000000 103:02 135541                    /lib/x86_64-linux-gnu/libglib-2.0.so.0.4600.1
7ff8650f1000-7ff8652f0000 ---p 0010d000 103:02 135541                    /lib/x86_64-linux-gnu/libglib-2.0.so.0.4600.1
7ff8652f0000-7ff8652f1000 r--p 0010c000 103:02 135541                    /lib/x86_64-linux-gnu/libglib-2.0.so.0.4600.1
7ff8652f1000-7ff8652f2000 rw-p 0010d000 103:02 135541                    /lib/x86_64-linux-gnu/libglib-2.0.so.0.4600.1
7ff8652f2000-7ff8652f3000 rw-p 00000000 00:00 0 
7ff8652f3000-7ff865345000 r-xp 00000000 103:02 664218                    /usr/lib/x86_64-linux-gnu/libgobject-2.0.so.0.4600.1
7ff865345000-7ff865544000 ---p 00052000 103:02 664218                    /usr/lib/x86_64-linux-gnu/libgobject-2.0.so.0.4600.1
7ff865544000-7ff865545000 r--p 00051000 103:02 664218                    /usr/lib/x86_64-linux-gnu/libgobject-2.0.so.0.4600.1
7ff865545000-7ff865546000 rw-p 00052000 103:02 664218                    /usr/lib/x86_64-linux-gnu/libgobject-2.0.so.0.4600.1
7ff865546000-7ff8655f6000 r-xp 00000000 103:02 664156                    /usr/lib/x86_64-linux-gnu/libgdk-x11-2.0.so.0.2400.28
7ff8655f6000-7ff8657f5000 ---p 000b0000 103:02 664156                    /usr/lib/x86_64-linux-gnu/libgdk-x11-2.0.so.0.2400.28
7ff8657f5000-7ff8657f9000 r--p 000af000 103:02 664156                    /usr/lib/x86_64-linux-gnu/libgdk-x11-2.0.so.0.2400.28
7ff8657f9000-7ff8657fb000 rw-p 000b3000 103:02 664156                    /usr/lib/x86_64-linux-gnu/libgdk-x11-2.0.so.0.2400.28
7ff8657fb000-7ff865827000 r-xp 00000000 103:02 663886                    /usr/lib/x86_64-linux-gnu/libatk-bridge-2.0.so.0.0.0
7ff865827000-7ff865a27000 ---p 0002c000 103:02 663886                    /usr/lib/x86_64-linux-gnu/libatk-bridge-2.0.so.0.0.0
7ff865a27000-7ff865a28000 r--p 0002c000 103:02 663886                    /usr/lib/x86_64-linux-gnu/libatk-bridge-2.0.so.0.0.0
7ff865a28000-7ff865a2a000 rw-p 0002d000 103:02 663886                    /usr/lib/x86_64-linux-gnu/libatk-bridge-2.0.so.0.0.0
7ff865a2a000-7ff865a4c000 r-xp 00000000 103:02 663884                    /usr/lib/x86_64-linux-gnu/libatk-1.0.so.0.21609.1
7ff865a4c000-7ff865c4b000 ---p 00022000 103:02 663884                    /usr/lib/x86_64-linux-gnu/libatk-1.0.so.0.21609.1
7ff865c4b000-7ff865c4e000 r--p 00021000 103:02 663884                    /usr/lib/x86_64-linux-gnu/libatk-1.0.so.0.21609.1
7ff865c4e000-7ff865c4f000 rw-p 00024000 103:02 663884                    /usr/lib/x86_64-linux-gnu/libatk-1.0.so.0.21609.1
7ff865c4f000-7ff865c65000 r-xp 00000000 103:02 795691                    /usr/lib/x86_64-linux-gnu/jni/libatk-wrapper.so.6.0.0
7ff865c65000-7ff865e65000 ---p 00016000 103:02 795691                    /usr/lib/x86_64-linux-gnu/jni/libatk-wrapper.so.6.0.0
7ff865e65000-7ff865e66000 r--p 00016000 103:02 795691                    /usr/lib/x86_64-linux-gnu/jni/libatk-wrapper.so.6.0.0
7ff865e66000-7ff865e67000 rw-p 00017000 103:02 795691                    /usr/lib/x86_64-linux-gnu/jni/libatk-wrapper.so.6.0.0
7ff865e67000-7ff865e6a000 ---p 00000000 00:00 0 
7ff865e6a000-7ff865f68000 rw-p 00000000 00:00 0                          [stack:9455]
7ff865f68000-7ff865f6d000 r-xp 00000000 103:02 663811                    /usr/lib/x86_64-linux-gnu/libXfixes.so.3.1.0
7ff865f6d000-7ff86616c000 ---p 00005000 103:02 663811                    /usr/lib/x86_64-linux-gnu/libXfixes.so.3.1.0
7ff86616c000-7ff86616d000 r--p 00004000 103:02 663811                    /usr/lib/x86_64-linux-gnu/libXfixes.so.3.1.0
7ff86616d000-7ff86616e000 rw-p 00005000 103:02 663811                    /usr/lib/x86_64-linux-gnu/libXfixes.so.3.1.0
7ff86616e000-7ff866177000 r-xp 00000000 103:02 663803                    /usr/lib/x86_64-linux-gnu/libXcursor.so.1.0.2
7ff866177000-7ff866376000 ---p 00009000 103:02 663803                    /usr/lib/x86_64-linux-gnu/libXcursor.so.1.0.2
7ff866376000-7ff866377000 r--p 00008000 103:02 663803                    /usr/lib/x86_64-linux-gnu/libXcursor.so.1.0.2
7ff866377000-7ff866378000 rw-p 00009000 103:02 663803                    /usr/lib/x86_64-linux-gnu/libXcursor.so.1.0.2
7ff866378000-7ff86637b000 ---p 00000000 00:00 0 
7ff86637b000-7ff866479000 rw-p 00000000 00:00 0                          [stack:9454]
7ff866479000-7ff86649e000 r-xp 00000000 103:02 131167                    /lib/x86_64-linux-gnu/libpng12.so.0.51.0
7ff86649e000-7ff86669d000 ---p 00025000 103:02 131167                    /lib/x86_64-linux-gnu/libpng12.so.0.51.0
7ff86669d000-7ff86669e000 r--p 00024000 103:02 131167                    /lib/x86_64-linux-gnu/libpng12.so.0.51.0
7ff86669e000-7ff86669f000 rw-p 00025000 103:02 131167                    /lib/x86_64-linux-gnu/libpng12.so.0.51.0
7ff86669f000-7ff86673f000 r-xp 00000000 103:02 664123                    /usr/lib/x86_64-linux-gnu/libfreetype.so.6.11.1
7ff86673f000-7ff86693e000 ---p 000a0000 103:02 664123                    /usr/lib/x86_64-linux-gnu/libfreetype.so.6.11.1
7ff86693e000-7ff866944000 r--p 0009f000 103:02 664123                    /usr/lib/x86_64-linux-gnu/libfreetype.so.6.11.1
7ff866944000-7ff866945000 rw-p 000a5000 103:02 664123                    /usr/lib/x86_64-linux-gnu/libfreetype.so.6.11.1
7ff866945000-7ff866997000 r-xp 00000000 103:02 795561                    /usr/lib/jvm/java-8-openjdk-amd64/jre/lib/amd64/libfontmanager.so
7ff866997000-7ff866b97000 ---p 00052000 103:02 795561                    /usr/lib/jvm/java-8-openjdk-amd64/jre/lib/amd64/libfontmanager.so
7ff866b97000-7ff866b99000 r--p 00052000 103:02 795561                    /usr/lib/jvm/java-8-openjdk-amd64/jre/lib/amd64/libfontmanager.so
7ff866b99000-7ff866b9a000 rw-p 00054000 103:02 795561                    /usr/lib/jvm/java-8-openjdk-amd64/jre/lib/amd64/libfontmanager.so
7ff866b9a000-7ff866b9f000 r-xp 00000000 103:02 663807                    /usr/lib/x86_64-linux-gnu/libXdmcp.so.6.0.0
7ff866b9f000-7ff866d9e000 ---p 00005000 103:02 663807                    /usr/lib/x86_64-linux-gnu/libXdmcp.so.6.0.0
7ff866d9e000-7ff866d9f000 r--p 00004000 103:02 663807                    /usr/lib/x86_64-linux-gnu/libXdmcp.so.6.0.0
7ff866d9f000-7ff866da0000 rw-p 00005000 103:02 663807                    /usr/lib/x86_64-linux-gnu/libXdmcp.so.6.0.0
7ff866da0000-7ff866da2000 r-xp 00000000 103:02 663796                    /usr/lib/x86_64-linux-gnu/libXau.so.6.0.0
7ff866da2000-7ff866fa2000 ---p 00002000 103:02 663796                    /usr/lib/x86_64-linux-gnu/libXau.so.6.0.0
7ff866fa2000-7ff866fa3000 r--p 00002000 103:02 663796                    /usr/lib/x86_64-linux-gnu/libXau.so.6.0.0
7ff866fa3000-7ff866fa4000 rw-p 00003000 103:02 663796                    /usr/lib/x86_64-linux-gnu/libXau.so.6.0.0
7ff866fa4000-7ff866fc4000 r-xp 00000000 103:02 664898                    /usr/lib/x86_64-linux-gnu/libxcb.so.1.1.0
7ff866fc4000-7ff8671c3000 ---p 00020000 103:02 664898                    /usr/lib/x86_64-linux-gnu/libxcb.so.1.1.0
7ff8671c3000-7ff8671c4000 r--p 0001f000 103:02 664898                    /usr/lib/x86_64-linux-gnu/libxcb.so.1.1.0
7ff8671c4000-7ff8671c5000 rw-p 00020000 103:02 664898                    /usr/lib/x86_64-linux-gnu/libxcb.so.1.1.0
7ff8671c5000-7ff8671d4000 r-xp 00000000 103:02 663817                    /usr/lib/x86_64-linux-gnu/libXi.so.6.1.0
7ff8671d4000-7ff8673d3000 ---p 0000f000 103:02 663817                    /usr/lib/x86_64-linux-gnu/libXi.so.6.1.0
7ff8673d3000-7ff8673d4000 r--p 0000e000 103:02 663817                    /usr/lib/x86_64-linux-gnu/libXi.so.6.1.0
7ff8673d4000-7ff8673d5000 rw-p 0000f000 103:02 663817                    /usr/lib/x86_64-linux-gnu/libXi.so.6.1.0
7ff8673d5000-7ff8673da000 r-xp 00000000 103:02 663835                    /usr/lib/x86_64-linux-gnu/libXtst.so.6.1.0
7ff8673da000-7ff8675d9000 ---p 00005000 103:02 663835                    /usr/lib/x86_64-linux-gnu/libXtst.so.6.1.0
7ff8675d9000-7ff8675da000 r--p 00004000 103:02 663835                    /usr/lib/x86_64-linux-gnu/libXtst.so.6.1.0
7ff8675da000-7ff8675db000 rw-p 00005000 103:02 663835                    /usr/lib/x86_64-linux-gnu/libXtst.so.6.1.0
7ff8675db000-7ff8675e4000 r-xp 00000000 103:02 663829                    /usr/lib/x86_64-linux-gnu/libXrender.so.1.3.0
7ff8675e4000-7ff8677e3000 ---p 00009000 103:02 663829                    /usr/lib/x86_64-linux-gnu/libXrender.so.1.3.0
7ff8677e3000-7ff8677e4000 r--p 00008000 103:02 663829                    /usr/lib/x86_64-linux-gnu/libXrender.so.1.3.0
7ff8677e4000-7ff8677e5000 rw-p 00009000 103:02 663829                    /usr/lib/x86_64-linux-gnu/libXrender.so.1.3.0
7ff8677e5000-7ff86791a000 r-xp 00000000 103:02 663792                    /usr/lib/x86_64-linux-gnu/libX11.so.6.3.0
7ff86791a000-7ff867b1a000 ---p 00135000 103:02 663792                    /usr/lib/x86_64-linux-gnu/libX11.so.6.3.0
7ff867b1a000-7ff867b1b000 r--p 00135000 103:02 663792                    /usr/lib/x86_64-linux-gnu/libX11.so.6.3.0
7ff867b1b000-7ff867b1f000 rw-p 00136000 103:02 663792                    /usr/lib/x86_64-linux-gnu/libX11.so.6.3.0
7ff867b1f000-7ff867b30000 r-xp 00000000 103:02 663809                    /usr/lib/x86_64-linux-gnu/libXext.so.6.4.0
7ff867b30000-7ff867d2f000 ---p 00011000 103:02 663809                    /usr/lib/x86_64-linux-gnu/libXext.so.6.4.0
7ff867d2f000-7ff867d30000 r--p 00010000 103:02 663809                    /usr/lib/x86_64-linux-gnu/libXext.so.6.4.0
7ff867d30000-7ff867d31000 rw-p 00011000 103:02 663809                    /usr/lib/x86_64-linux-gnu/libXext.so.6.4.0
7ff867d31000-7ff867dd0000 r-xp 00000000 103:02 795557                    /usr/lib/jvm/java-8-openjdk-amd64/jre/lib/amd64/libawt.so
7ff867dd0000-7ff867fcf000 ---p 0009f000 103:02 795557                    /usr/lib/jvm/java-8-openjdk-amd64/jre/lib/amd64/libawt.so
7ff867fcf000-7ff867fd0000 r--p 0009e000 103:02 795557                    /usr/lib/jvm/java-8-openjdk-amd64/jre/lib/amd64/libawt.so
7ff867fd0000-7ff867fdb000 rw-p 0009f000 103:02 795557                    /usr/lib/jvm/java-8-openjdk-amd64/jre/lib/amd64/libawt.so
7ff867fdb000-7ff868000000 rw-p 00000000 00:00 0 
7ff868000000-7ff868021000 rw-p 00000000 00:00 0 
7ff868021000-7ff86c000000 ---p 00000000 00:00 0 
7ff86c055000-7ff86c0ac000 r-xp 00000000 103:02 795549                    /usr/lib/jvm/java-8-openjdk-amd64/jre/lib/amd64/libawt_xawt.so
7ff86c0ac000-7ff86c2ab000 ---p 00057000 103:02 795549                    /usr/lib/jvm/java-8-openjdk-amd64/jre/lib/amd64/libawt_xawt.so
7ff86c2ab000-7ff86c2ac000 r--p 00056000 103:02 795549                    /usr/lib/jvm/java-8-openjdk-amd64/jre/lib/amd64/libawt_xawt.so
7ff86c2ac000-7ff86c2af000 rw-p 00057000 103:02 795549                    /usr/lib/jvm/java-8-openjdk-amd64/jre/lib/amd64/libawt_xawt.so
7ff86c2af000-7ff870000000 rw-p 00000000 00:00 0 
7ff870000000-7ff870021000 rw-p 00000000 00:00 0 
7ff870021000-7ff874000000 ---p 00000000 00:00 0 
7ff874014000-7ff874015000 ---p 00000000 00:00 0 
7ff874015000-7ff874115000 rw-p 00000000 00:00 0                          [stack:9453]
7ff874115000-7ff874118000 ---p 00000000 00:00 0 
7ff874118000-7ff874216000 rw-p 00000000 00:00 0                          [stack:9452]
7ff874216000-7ff874219000 ---p 00000000 00:00 0 
7ff874219000-7ff874317000 rw-p 00000000 00:00 0                          [stack:9451]
7ff874317000-7ff87431a000 ---p 00000000 00:00 0 
7ff87431a000-7ff874418000 rw-p 00000000 00:00 0                          [stack:9450]
7ff874418000-7ff87441b000 ---p 00000000 00:00 0 
7ff87441b000-7ff874519000 rw-p 00000000 00:00 0                          [stack:9449]
7ff874519000-7ff87451c000 ---p 00000000 00:00 0 
7ff87451c000-7ff87461a000 rw-p 00000000 00:00 0                          [stack:9448]
7ff87461a000-7ff874cfd000 r--p 00000000 103:02 663024                    /usr/lib/locale/locale-archive
7ff874cfd000-7ff874d00000 ---p 00000000 00:00 0 
7ff874d00000-7ff874dfe000 rw-p 00000000 00:00 0                          [stack:9447]
7ff874dfe000-7ff874e01000 ---p 00000000 00:00 0 
7ff874e01000-7ff874eff000 rw-p 00000000 00:00 0                          [stack:9446]
7ff874eff000-7ff874f00000 ---p 00000000 00:00 0 
7ff874f00000-7ff875000000 rw-p 00000000 00:00 0                          [stack:9445]
7ff875000000-7ff875f80000 rwxp 00000000 00:00 0 
7ff875f80000-7ff884000000 ---p 00000000 00:00 0 
7ff884000000-7ff8844ba000 rw-p 00000000 00:00 0 
7ff8844ba000-7ff888000000 ---p 00000000 00:00 0 
7ff88800e000-7ff888010000 rw-p 00000000 00:00 0 
7ff888010000-7ff888013000 ---p 00000000 00:00 0 
7ff888013000-7ff888049000 rw-p 00000000 00:00 0 
7ff888049000-7ff88805c000 r--s 00346000 103:02 795605                    /usr/lib/jvm/java-8-openjdk-amd64/jre/lib/resources.jar
7ff88805c000-7ff88805e000 r--s 0000f000 103:02 10752603                  /home/giovi/Source Code/nand2tetris/tools/bin/lib/SimulatorsGUI.jar
7ff88805e000-7ff888060000 r--s 00012000 103:02 10752600                  /home/giovi/Source Code/nand2tetris/tools/bin/lib/Simulators.jar
7ff888060000-7ff888063000 r--s 00015000 103:02 10752598                  /home/giovi/Source Code/nand2tetris/tools/bin/lib/HackGUI.jar
7ff888063000-7ff88807e000 r--s 001d4000 103:02 795542                    /usr/lib/jvm/java-8-openjdk-amd64/jre/lib/ext/nashorn.jar
7ff88807e000-7ff88809a000 r--s 00393000 103:02 795533                    /usr/lib/jvm/java-8-openjdk-amd64/jre/lib/ext/cldrdata.jar
7ff88809a000-7ff88907a000 rw-p 00000000 00:00 0 
7ff88907a000-7ff889247000 r--s 03be8000 103:02 795545                    /usr/lib/jvm/java-8-openjdk-amd64/jre/lib/rt.jar
7ff889247000-7ff889e92000 rw-p 00000000 00:00 0 
7ff889e92000-7ff889e93000 ---p 00000000 00:00 0 
7ff889e93000-7ff889f93000 rw-p 00000000 00:00 0                          [stack:9444]
7ff889f93000-7ff889f94000 ---p 00000000 00:00 0 
7ff889f94000-7ff88a094000 rw-p 00000000 00:00 0                          [stack:9443]
7ff88a094000-7ff88a095000 ---p 00000000 00:00 0 
7ff88a095000-7ff88a195000 rw-p 00000000 00:00 0                          [stack:9442]
7ff88a195000-7ff88a196000 ---p 00000000 00:00 0 
7ff88a196000-7ff88a2c0000 rw-p 00000000 00:00 0                          [stack:9441]
7ff88a2c0000-7ff88a524000 ---p 00000000 00:00 0 
7ff88a524000-7ff88a54e000 rw-p 00000000 00:00 0 
7ff88a54e000-7ff88a7b2000 ---p 00000000 00:00 0 
7ff88a7b2000-7ff88a8dd000 rw-p 00000000 00:00 0 
7ff88a8dd000-7ff88a8f9000 ---p 00000000 00:00 0 
7ff88a8f9000-7ff88a938000 rw-p 00000000 00:00 0 
7ff88a938000-7ff88acba000 ---p 00000000 00:00 0 
7ff88acba000-7ff88acc2000 r-xp 00000000 103:02 795556                    /usr/lib/jvm/java-8-openjdk-amd64/jre/lib/amd64/libzip.so
7ff88acc2000-7ff88aec1000 ---p 00008000 103:02 795556                    /usr/lib/jvm/java-8-openjdk-amd64/jre/lib/amd64/libzip.so
7ff88aec1000-7ff88aec2000 r--p 00007000 103:02 795556                    /usr/lib/jvm/java-8-openjdk-amd64/jre/lib/amd64/libzip.so
7ff88aec2000-7ff88aec3000 rw-p 00008000 103:02 795556                    /usr/lib/jvm/java-8-openjdk-amd64/jre/lib/amd64/libzip.so
7ff88aec3000-7ff88aecf000 r-xp 00000000 103:02 135593                    /lib/x86_64-linux-gnu/libnss_files-2.21.so
7ff88aecf000-7ff88b0ce000 ---p 0000c000 103:02 135593                    /lib/x86_64-linux-gnu/libnss_files-2.21.so
7ff88b0ce000-7ff88b0cf000 r--p 0000b000 103:02 135593                    /lib/x86_64-linux-gnu/libnss_files-2.21.so
7ff88b0cf000-7ff88b0d0000 rw-p 0000c000 103:02 135593                    /lib/x86_64-linux-gnu/libnss_files-2.21.so
7ff88b0d0000-7ff88b0db000 r-xp 00000000 103:02 135604                    /lib/x86_64-linux-gnu/libnss_nis-2.21.so
7ff88b0db000-7ff88b2da000 ---p 0000b000 103:02 135604                    /lib/x86_64-linux-gnu/libnss_nis-2.21.so
7ff88b2da000-7ff88b2db000 r--p 0000a000 103:02 135604                    /lib/x86_64-linux-gnu/libnss_nis-2.21.so
7ff88b2db000-7ff88b2dc000 rw-p 0000b000 103:02 135604                    /lib/x86_64-linux-gnu/libnss_nis-2.21.so
7ff88b2dc000-7ff88b2f3000 r-xp 00000000 103:02 135587                    /lib/x86_64-linux-gnu/libnsl-2.21.so
7ff88b2f3000-7ff88b4f2000 ---p 00017000 103:02 135587                    /lib/x86_64-linux-gnu/libnsl-2.21.so
7ff88b4f2000-7ff88b4f3000 r--p 00016000 103:02 135587                    /lib/x86_64-linux-gnu/libnsl-2.21.so
7ff88b4f3000-7ff88b4f4000 rw-p 00017000 103:02 135587                    /lib/x86_64-linux-gnu/libnsl-2.21.so
7ff88b4f4000-7ff88b4f6000 rw-p 00000000 00:00 0 
7ff88b4f6000-7ff88b4fe000 r-xp 00000000 103:02 135589                    /lib/x86_64-linux-gnu/libnss_compat-2.21.so
7ff88b4fe000-7ff88b6fd000 ---p 00008000 103:02 135589                    /lib/x86_64-linux-gnu/libnss_compat-2.21.so
7ff88b6fd000-7ff88b6fe000 r--p 00007000 103:02 135589                    /lib/x86_64-linux-gnu/libnss_compat-2.21.so
7ff88b6fe000-7ff88b6ff000 rw-p 00008000 103:02 135589                    /lib/x86_64-linux-gnu/libnss_compat-2.21.so
7ff88b6ff000-7ff88b72c000 r-xp 00000000 103:02 795564                    /usr/lib/jvm/java-8-openjdk-amd64/jre/lib/amd64/libjava.so
7ff88b72c000-7ff88b92b000 ---p 0002d000 103:02 795564                    /usr/lib/jvm/java-8-openjdk-amd64/jre/lib/amd64/libjava.so
7ff88b92b000-7ff88b92c000 r--p 0002c000 103:02 795564                    /usr/lib/jvm/java-8-openjdk-amd64/jre/lib/amd64/libjava.so
7ff88b92c000-7ff88b92e000 rw-p 0002d000 103:02 795564                    /usr/lib/jvm/java-8-openjdk-amd64/jre/lib/amd64/libjava.so
7ff88b92e000-7ff88b93d000 r-xp 00000000 103:02 795578                    /usr/lib/jvm/java-8-openjdk-amd64/jre/lib/amd64/libverify.so
7ff88b93d000-7ff88bb3c000 ---p 0000f000 103:02 795578                    /usr/lib/jvm/java-8-openjdk-amd64/jre/lib/amd64/libverify.so
7ff88bb3c000-7ff88bb3e000 r--p 0000e000 103:02 795578                    /usr/lib/jvm/java-8-openjdk-amd64/jre/lib/amd64/libverify.so
7ff88bb3e000-7ff88bb3f000 rw-p 00010000 103:02 795578                    /usr/lib/jvm/java-8-openjdk-amd64/jre/lib/amd64/libverify.so
7ff88bb3f000-7ff88bb46000 r-xp 00000000 103:02 135649                    /lib/x86_64-linux-gnu/librt-2.21.so
7ff88bb46000-7ff88bd45000 ---p 00007000 103:02 135649                    /lib/x86_64-linux-gnu/librt-2.21.so
7ff88bd45000-7ff88bd46000 r--p 00006000 103:02 135649                    /lib/x86_64-linux-gnu/librt-2.21.so
7ff88bd46000-7ff88bd47000 rw-p 00007000 103:02 135649                    /lib/x86_64-linux-gnu/librt-2.21.so
7ff88bd47000-7ff88bd5d000 r-xp 00000000 103:02 135537                    /lib/x86_64-linux-gnu/libgcc_s.so.1
7ff88bd5d000-7ff88bf5c000 ---p 00016000 103:02 135537                    /lib/x86_64-linux-gnu/libgcc_s.so.1
7ff88bf5c000-7ff88bf5d000 r--p 00015000 103:02 135537                    /lib/x86_64-linux-gnu/libgcc_s.so.1
7ff88bf5d000-7ff88bf5e000 rw-p 00016000 103:02 135537                    /lib/x86_64-linux-gnu/libgcc_s.so.1
7ff88bf5e000-7ff88c065000 r-xp 00000000 103:02 135566                    /lib/x86_64-linux-gnu/libm-2.21.so
7ff88c065000-7ff88c264000 ---p 00107000 103:02 135566                    /lib/x86_64-linux-gnu/libm-2.21.so
7ff88c264000-7ff88c265000 r--p 00106000 103:02 135566                    /lib/x86_64-linux-gnu/libm-2.21.so
7ff88c265000-7ff88c266000 rw-p 00107000 103:02 135566                    /lib/x86_64-linux-gnu/libm-2.21.so
7ff88c266000-7ff88c3d9000 r-xp 00000000 103:02 664719                    /usr/lib/x86_64-linux-gnu/libstdc++.so.6.0.21
7ff88c3d9000-7ff88c5d8000 ---p 00173000 103:02 664719                    /usr/lib/x86_64-linux-gnu/libstdc++.so.6.0.21
7ff88c5d8000-7ff88c5e2000 r--p 00172000 103:02 664719                    /usr/lib/x86_64-linux-gnu/libstdc++.so.6.0.21
7ff88c5e2000-7ff88c5e4000 rw-p 0017c000 103:02 664719                    /usr/lib/x86_64-linux-gnu/libstdc++.so.6.0.21
7ff88c5e4000-7ff88c5e8000 rw-p 00000000 00:00 0 
7ff88c5e8000-7ff88d22d000 r-xp 00000000 103:02 795572                    /usr/lib/jvm/java-8-openjdk-amd64/jre/lib/amd64/server/libjvm.so
7ff88d22d000-7ff88d42c000 ---p 00c45000 103:02 795572                    /usr/lib/jvm/java-8-openjdk-amd64/jre/lib/amd64/server/libjvm.so
7ff88d42c000-7ff88d4bf000 r--p 00c44000 103:02 795572                    /usr/lib/jvm/java-8-openjdk-amd64/jre/lib/amd64/server/libjvm.so
7ff88d4bf000-7ff88d4e7000 rw-p 00cd7000 103:02 795572                    /usr/lib/jvm/java-8-openjdk-amd64/jre/lib/amd64/server/libjvm.so
7ff88d4e7000-7ff88d516000 rw-p 00000000 00:00 0 
7ff88d516000-7ff88d52e000 r-xp 00000000 103:02 135641                    /lib/x86_64-linux-gnu/libpthread-2.21.so
7ff88d52e000-7ff88d72e000 ---p 00018000 103:02 135641                    /lib/x86_64-linux-gnu/libpthread-2.21.so
7ff88d72e000-7ff88d72f000 r--p 00018000 103:02 135641                    /lib/x86_64-linux-gnu/libpthread-2.21.so
7ff88d72f000-7ff88d730000 rw-p 00019000 103:02 135641                    /lib/x86_64-linux-gnu/libpthread-2.21.so
7ff88d730000-7ff88d734000 rw-p 00000000 00:00 0 
7ff88d734000-7ff88d737000 r-xp 00000000 103:02 135523                    /lib/x86_64-linux-gnu/libdl-2.21.so
7ff88d737000-7ff88d936000 ---p 00003000 103:02 135523                    /lib/x86_64-linux-gnu/libdl-2.21.so
7ff88d936000-7ff88d937000 r--p 00002000 103:02 135523                    /lib/x86_64-linux-gnu/libdl-2.21.so
7ff88d937000-7ff88d938000 rw-p 00003000 103:02 135523                    /lib/x86_64-linux-gnu/libdl-2.21.so
7ff88d938000-7ff88d951000 r-xp 00000000 103:02 135683                    /lib/x86_64-linux-gnu/libz.so.1.2.8
7ff88d951000-7ff88db50000 ---p 00019000 103:02 135683                    /lib/x86_64-linux-gnu/libz.so.1.2.8
7ff88db50000-7ff88db51000 r--p 00018000 103:02 135683                    /lib/x86_64-linux-gnu/libz.so.1.2.8
7ff88db51000-7ff88db52000 rw-p 00019000 103:02 135683                    /lib/x86_64-linux-gnu/libz.so.1.2.8
7ff88db52000-7ff88dd12000 r-xp 00000000 103:02 135506                    /lib/x86_64-linux-gnu/libc-2.21.so
7ff88dd12000-7ff88df12000 ---p 001c0000 103:02 135506                    /lib/x86_64-linux-gnu/libc-2.21.so
7ff88df12000-7ff88df16000 r--p 001c0000 103:02 135506                    /lib/x86_64-linux-gnu/libc-2.21.so
7ff88df16000-7ff88df18000 rw-p 001c4000 103:02 135506                    /lib/x86_64-linux-gnu/libc-2.21.so
7ff88df18000-7ff88df1c000 rw-p 00000000 00:00 0 
7ff88df1c000-7ff88df29000 r-xp 00000000 103:02 795580                    /usr/lib/jvm/java-8-openjdk-amd64/jre/lib/amd64/jli/libjli.so
7ff88df29000-7ff88e129000 ---p 0000d000 103:02 795580                    /usr/lib/jvm/java-8-openjdk-amd64/jre/lib/amd64/jli/libjli.so
7ff88e129000-7ff88e12a000 r--p 0000d000 103:02 795580                    /usr/lib/jvm/java-8-openjdk-amd64/jre/lib/amd64/jli/libjli.so
7ff88e12a000-7ff88e12b000 rw-p 0000e000 103:02 795580                    /usr/lib/jvm/java-8-openjdk-amd64/jre/lib/amd64/jli/libjli.so
7ff88e12b000-7ff88e14f000 r-xp 00000000 103:02 135478                    /lib/x86_64-linux-gnu/ld-2.21.so
7ff88e14f000-7ff88e150000 r--s 00006000 103:02 10752599                  /home/giovi/Source Code/nand2tetris/tools/bin/lib/Compilers.jar
7ff88e150000-7ff88e153000 r--s 0000c000 103:02 10752597                  /home/giovi/Source Code/nand2tetris/tools/bin/lib/Hack.jar
7ff88e153000-7ff88e155000 r--s 00001000 103:02 795540                    /usr/lib/jvm/java-8-openjdk-amd64/jre/lib/ext/dnsns.jar
7ff88e155000-7ff88e15f000 r--s 00116000 103:02 795535                    /usr/lib/jvm/java-8-openjdk-amd64/jre/lib/ext/localedata.jar
7ff88e15f000-7ff88e22a000 rw-p 00000000 00:00 0 
7ff88e22a000-7ff88e22d000 ---p 00000000 00:00 0 
7ff88e22d000-7ff88e330000 rw-p 00000000 00:00 0                          [stack:9440]
7ff88e330000-7ff88e331000 r--s 0000a000 103:02 795537                    /usr/lib/jvm/java-8-openjdk-amd64/jre/lib/ext/jaccess.jar
7ff88e331000-7ff88e335000 r--s 00037000 103:02 795539                    /usr/lib/jvm/java-8-openjdk-amd64/jre/lib/ext/sunpkcs11.jar
7ff88e335000-7ff88e336000 r--s 00010000 103:02 795534                    /usr/lib/jvm/java-8-openjdk-amd64/jre/lib/ext/zipfs.jar
7ff88e336000-7ff88e33c000 r--s 0003a000 103:02 795538                    /usr/lib/jvm/java-8-openjdk-amd64/jre/lib/ext/sunjce_provider.jar
7ff88e33c000-7ff88e33d000 r--s 00008000 103:02 795541                    /usr/lib/jvm/java-8-openjdk-amd64/jre/lib/ext/sunec.jar
7ff88e33d000-7ff88e340000 r--s 0000f000 103:02 795536                    /usr/lib/jvm/java-8-openjdk-amd64/jre/lib/ext/icedtea-sound.jar
7ff88e340000-7ff88e342000 r--s 00007000 103:02 1050525                   /usr/share/java/java-atk-wrapper.jar
7ff88e342000-7ff88e34a000 rw-s 00000000 103:02 10753021                  /tmp/hsperfdata_giovi/9439
7ff88e34a000-7ff88e34b000 rw-p 00000000 00:00 0 
7ff88e34b000-7ff88e34c000 r--p 00000000 00:00 0 
7ff88e34c000-7ff88e34e000 rw-p 00000000 00:00 0 
7ff88e34e000-7ff88e34f000 r--p 00023000 103:02 135478                    /lib/x86_64-linux-gnu/ld-2.21.so
7ff88e34f000-7ff88e350000 rw-p 00024000 103:02 135478                    /lib/x86_64-linux-gnu/ld-2.21.so
7ff88e350000-7ff88e351000 rw-p 00000000 00:00 0 
7fffd1ccf000-7fffd1cf0000 rw-p 00000000 00:00 0                          [stack]
7fffd1d65000-7fffd1d67000 r--p 00000000 00:00 0                          [vvar]
7fffd1d67000-7fffd1d69000 r-xp 00000000 00:00 0                          [vdso]
ffffffffff600000-ffffffffff601000 r-xp 00000000 00:00 0                  [vsyscall]

VM Arguments:
java_command: CPUEmulatorMain
java_class_path (initial): :bin/classes:bin/lib/Hack.jar:bin/lib/HackGUI.jar:bin/lib/Simulators.jar:bin/lib/SimulatorsGUI.jar:bin/lib/Compilers.jar
Launcher Type: SUN_STANDARD

Environment Variables:
PATH=/usr/local/sbin:/usr/local/bin:/usr/sbin:/usr/bin:/sbin:/bin:/usr/games:/usr/local/games
USERNAME=giovi
SHELL=/bin/bash
DISPLAY=:0

Signal Handlers:
SIGSEGV: [libjvm.so+0xa5d4d0], sa_mask[0]=11111111011111111101111111111110, sa_flags=SA_RESTART|SA_SIGINFO
SIGBUS: [libjvm.so+0xa5d4d0], sa_mask[0]=11111111011111111101111111111110, sa_flags=SA_RESTART|SA_SIGINFO
SIGFPE: [libjvm.so+0x8a9210], sa_mask[0]=11111111011111111101111111111110, sa_flags=SA_RESTART|SA_SIGINFO
SIGPIPE: [libjvm.so+0x8a9210], sa_mask[0]=11111111011111111101111111111110, sa_flags=SA_RESTART|SA_SIGINFO
SIGXFSZ: [libjvm.so+0x8a9210], sa_mask[0]=11111111011111111101111111111110, sa_flags=SA_RESTART|SA_SIGINFO
SIGILL: [libjvm.so+0x8a9210], sa_mask[0]=11111111011111111101111111111110, sa_flags=SA_RESTART|SA_SIGINFO
SIGUSR1: SIG_DFL, sa_mask[0]=00000000000000000000000000000000, sa_flags=none
SIGUSR2: [libjvm.so+0x8a90c0], sa_mask[0]=00000000000000000000000000000000, sa_flags=SA_RESTART|SA_SIGINFO
SIGHUP: [libjvm.so+0x8a9590], sa_mask[0]=11111111011111111101111111111110, sa_flags=SA_RESTART|SA_SIGINFO
SIGINT: SIG_IGN, sa_mask[0]=00000000000000000000000000000000, sa_flags=none
SIGTERM: [libjvm.so+0x8a9590], sa_mask[0]=11111111011111111101111111111110, sa_flags=SA_RESTART|SA_SIGINFO
SIGQUIT: [libjvm.so+0x8a9590], sa_mask[0]=11111111011111111101111111111110, sa_flags=SA_RESTART|SA_SIGINFO


---------------  S Y S T E M  ---------------

OS:DISTRIB_ID=Ubuntu
DISTRIB_RELEASE=15.10
DISTRIB_CODENAME=wily
DISTRIB_DESCRIPTION="Ubuntu 15.10"

uname:Linux 4.4.0-040400-generic #201601101930 SMP Mon Jan 11 00:32:41 UTC 2016 x86_64
libc:glibc 2.21 NPTL 2.21 
rlimit: STACK 8192k, CORE 0k, NPROC 30252, NOFILE 65536, AS infinity
load average:0,05 0,21 0,28

/proc/meminfo:
MemTotal:        8036028 kB
MemFree:         2868948 kB
MemAvailable:    4641440 kB
Buffers:          155920 kB
Cached:          2111400 kB
SwapCached:            0 kB
Active:          3425388 kB
Inactive:        1369268 kB
Active(anon):    2530400 kB
Inactive(anon):   605116 kB
Active(file):     894988 kB
Inactive(file):   764152 kB
Unevictable:         160 kB
Mlocked:             160 kB
SwapTotal:       8248316 kB
SwapFree:        8248316 kB
Dirty:                24 kB
Writeback:             0 kB
AnonPages:       2527576 kB
Mapped:           702436 kB
Shmem:            608184 kB
Slab:             253504 kB
SReclaimable:     155664 kB
SUnreclaim:        97840 kB
KernelStack:       10480 kB
PageTables:        49832 kB
NFS_Unstable:          0 kB
Bounce:                0 kB
WritebackTmp:          0 kB
CommitLimit:    12266328 kB
Committed_AS:    7836276 kB
VmallocTotal:   34359738367 kB
VmallocUsed:           0 kB
VmallocChunk:          0 kB
HardwareCorrupted:     0 kB
AnonHugePages:   1792000 kB
CmaTotal:              0 kB
CmaFree:               0 kB
HugePages_Total:       0
HugePages_Free:        0
HugePages_Rsvd:        0
HugePages_Surp:        0
Hugepagesize:       2048 kB
DirectMap4k:      190244 kB
DirectMap2M:     8058880 kB
DirectMap1G:     1048576 kB


CPU:total 4 (2 cores per cpu, 2 threads per core) family 6 model 78 stepping 3, cmov, cx8, fxsr, mmx, sse, sse2, sse3, ssse3, sse4.1, sse4.2, popcnt, avx, avx2, aes, clmul, erms, 3dnowpref, lzcnt, ht, tsc, tscinvbit, bmi1, bmi2, adx

/proc/cpuinfo:
processor	: 0
vendor_id	: GenuineIntel
cpu family	: 6
model		: 78
model name	: Intel(R) Core(TM) i5-6200U CPU @ 2.30GHz
stepping	: 3
microcode	: 0x5e
cpu MHz		: 880.593
cache size	: 3072 KB
physical id	: 0
siblings	: 4
core id		: 0
cpu cores	: 2
apicid		: 0
initial apicid	: 0
fpu		: yes
fpu_exception	: yes
cpuid level	: 22
wp		: yes
flags		: fpu vme de pse tsc msr pae mce cx8 apic sep mtrr pge mca cmov pat pse36 clflush dts acpi mmx fxsr sse sse2 ss ht tm pbe syscall nx pdpe1gb rdtscp lm constant_tsc arch_perfmon pebs bts rep_good nopl xtopology nonstop_tsc aperfmperf eagerfpu pni pclmulqdq dtes64 monitor ds_cpl vmx est tm2 ssse3 sdbg fma cx16 xtpr pdcm pcid sse4_1 sse4_2 x2apic movbe popcnt tsc_deadline_timer aes xsave avx f16c rdrand lahf_lm abm 3dnowprefetch ida arat epb pln pts dtherm hwp hwp_notify hwp_act_window hwp_epp intel_pt tpr_shadow vnmi flexpriority ept vpid fsgsbase tsc_adjust bmi1 avx2 smep bmi2 erms invpcid mpx rdseed adx smap clflushopt xsaveopt xsavec xgetbv1
bugs		:
bogomips	: 4799.92
clflush size	: 64
cache_alignment	: 64
address sizes	: 39 bits physical, 48 bits virtual
power management:

processor	: 1
vendor_id	: GenuineIntel
cpu family	: 6
model		: 78
model name	: Intel(R) Core(TM) i5-6200U CPU @ 2.30GHz
stepping	: 3
microcode	: 0x5e
cpu MHz		: 657.281
cache size	: 3072 KB
physical id	: 0
siblings	: 4
core id		: 1
cpu cores	: 2
apicid		: 2
initial apicid	: 2
fpu		: yes
fpu_exception	: yes
cpuid level	: 22
wp		: yes
flags		: fpu vme de pse tsc msr pae mce cx8 apic sep mtrr pge mca cmov pat pse36 clflush dts acpi mmx fxsr sse sse2 ss ht tm pbe syscall nx pdpe1gb rdtscp lm constant_tsc arch_perfmon pebs bts rep_good nopl xtopology nonstop_tsc aperfmperf eagerfpu pni pclmulqdq dtes64 monitor ds_cpl vmx est tm2 ssse3 sdbg fma cx16 xtpr pdcm pcid sse4_1 sse4_2 x2apic movbe popcnt tsc_deadline_timer aes xsave avx f16c rdrand lahf_lm abm 3dnowprefetch ida arat epb pln pts dtherm hwp hwp_notify hwp_act_window hwp_epp intel_pt tpr_shadow vnmi flexpriority ept vpid fsgsbase tsc_adjust bmi1 avx2 smep bmi2 erms invpcid mpx rdseed adx smap clflushopt xsaveopt xsavec xgetbv1
bugs		:
bogomips	: 4799.92
clflush size	: 64
cache_alignment	: 64
address sizes	: 39 bits physical, 48 bits virtual
power management:

processor	: 2
vendor_id	: GenuineIntel
cpu family	: 6
model		: 78
model name	: Intel(R) Core(TM) i5-6200U CPU @ 2.30GHz
stepping	: 3
microcode	: 0x5e
cpu MHz		: 1086.656
cache size	: 3072 KB
physical id	: 0
siblings	: 4
core id		: 0
cpu cores	: 2
apicid		: 1
initial apicid	: 1
fpu		: yes
fpu_exception	: yes
cpuid level	: 22
wp		: yes
flags		: fpu vme de pse tsc msr pae mce cx8 apic sep mtrr pge mca cmov pat pse36 clflush dts acpi mmx fxsr sse sse2 ss ht tm pbe syscall nx pdpe1gb rdtscp lm constant_tsc arch_perfmon pebs bts rep_good nopl xtopology nonstop_tsc aperfmperf eagerfpu pni pclmulqdq dtes64 monitor ds_cpl vmx est tm2 ssse3 sdbg fma cx16 xtpr pdcm pcid sse4_1 sse4_2 x2apic movbe popcnt tsc_deadline_timer aes xsave avx f16c rdrand lahf_lm abm 3dnowprefetch ida arat epb pln pts dtherm hwp hwp_notify hwp_act_window hwp_epp intel_pt tpr_shadow vnmi flexpriority ept vpid fsgsbase tsc_adjust bmi1 avx2 smep bmi2 erms invpcid mpx rdseed adx smap clflushopt xsaveopt xsavec xgetbv1
bugs		:
bogomips	: 4799.92
clflush size	: 64
cache_alignment	: 64
address sizes	: 39 bits physical, 48 bits virtual
power management:

processor	: 3
vendor_id	: GenuineIntel
cpu family	: 6
model		: 78
model name	: Intel(R) Core(TM) i5-6200U CPU @ 2.30GHz
stepping	: 3
microcode	: 0x5e
cpu MHz		: 677.531
cache size	: 3072 KB
physical id	: 0
siblings	: 4
core id		: 1
cpu cores	: 2
apicid		: 3
initial apicid	: 3
fpu		: yes
fpu_exception	: yes
cpuid level	: 22
wp		: yes
flags		: fpu vme de pse tsc msr pae mce cx8 apic sep mtrr pge mca cmov pat pse36 clflush dts acpi mmx fxsr sse sse2 ss ht tm pbe syscall nx pdpe1gb rdtscp lm constant_tsc arch_perfmon pebs bts rep_good nopl xtopology nonstop_tsc aperfmperf eagerfpu pni pclmulqdq dtes64 monitor ds_cpl vmx est tm2 ssse3 sdbg fma cx16 xtpr pdcm pcid sse4_1 sse4_2 x2apic movbe popcnt tsc_deadline_timer aes xsave avx f16c rdrand lahf_lm abm 3dnowprefetch ida arat epb pln pts dtherm hwp hwp_notify hwp_act_window hwp_epp intel_pt tpr_shadow vnmi flexpriority ept vpid fsgsbase tsc_adjust bmi1 avx2 smep bmi2 erms invpcid mpx rdseed adx smap clflushopt xsaveopt xsavec xgetbv1
bugs		:
bogomips	: 4799.92
clflush size	: 64
cache_alignment	: 64
address sizes	: 39 bits physical, 48 bits virtual
power management:



Memory: 4k page, physical 8036028k(2868948k free), swap 8248316k(8248316k free)

vm_info: OpenJDK 64-Bit Server VM (25.66-b17) for linux-amd64 JRE (1.8.0_66-internal-b17), built on Oct 21 2015 22:08:46 by "buildd" with gcc 5.2.1 20151010

time: Sun Feb  7 02:58:13 2016
elapsed time: 34892 seconds (0d 9h 41m 32s)

